# JRE version: Java(TM) SE Runtime Environment (8.0_181-b13) (build 1.8.0_181-b13)
# Java VM: Java HotSpot(TM) 64-Bit Server VM (25.181-b13 mixed mode windows-amd64 compressed oops)
Heap:
 PSYoungGen      total 81408K, used 38910K [0x00000000d5980000, 0x00000000dbc00000, 0x0000000100000000)
  eden space 75264K, 50% used [0x00000000d5980000,0x00000000d7e82db0,0x00000000da300000)
  from space 6144K, 16% used [0x00000000da300000,0x00000000da3fce10,0x00000000da900000)
  to   space 5632K, 0% used [0x00000000db680000,0x00000000db680000,0x00000000dbc00000)
 ParOldGen       total 39936K, used 14644K [0x0000000080c00000, 0x0000000083300000, 0x00000000d5980000)
  object space 39936K, 36% used [0x0000000080c00000,0x0000000081a4d1f0,0x0000000083300000)
 Metaspace       used 27884K, capacity 28052K, committed 28416K, reserved 1073152K
  class space    used 3672K, capacity 3738K, committed 3840K, reserved 1048576K
GC Heap History (10 events):
Event: 8.794 GC heap before
{Heap before GC invocations=30 (full 1):
 PSYoungGen      total 54784K, used 49525K [0x00000000d5980000, 0x00000000d9600000, 0x0000000100000000)
  eden space 48640K, 99% used [0x00000000d5980000,0x00000000d88df388,0x00000000d8900000)
  from space 6144K, 16% used [0x00000000d9000000,0x00000000d90fe420,0x00000000d9600000)
  to   space 6656K, 0% used [0x00000000d8900000,0x00000000d8900000,0x00000000d8f80000)
 ParOldGen       total 39936K, used 14436K [0x0000000080c00000, 0x0000000083300000, 0x00000000d5980000)
  object space 39936K, 36% used [0x0000000080c00000,0x0000000081a191f0,0x0000000083300000)
 Metaspace       used 27353K, capacity 27572K, committed 27776K, reserved 1073152K
  class space    used 3635K, capacity 3706K, committed 3712K, reserved 1048576K
Event: 8.795 GC heap after
Heap after GC invocations=30 (full 1):
 PSYoungGen      total 55296K, used 256K [0x00000000d5980000, 0x00000000da280000, 0x0000000100000000)
  eden space 48640K, 0% used [0x00000000d5980000,0x00000000d5980000,0x00000000d8900000)
  from space 6656K, 3% used [0x00000000d8900000,0x00000000d8940000,0x00000000d8f80000)
  to   space 6656K, 0% used [0x00000000d9c00000,0x00000000d9c00000,0x00000000da280000)
 ParOldGen       total 39936K, used 14500K [0x0000000080c00000, 0x0000000083300000, 0x00000000d5980000)
  object space 39936K, 36% used [0x0000000080c00000,0x0000000081a291f0,0x0000000083300000)
 Metaspace       used 27353K, capacity 27572K, committed 27776K, reserved 1073152K
  class space    used 3635K, capacity 3706K, committed 3712K, reserved 1048576K
}
Event: 8.925 GC heap before
{Heap before GC invocations=31 (full 1):
 PSYoungGen      total 55296K, used 48603K [0x00000000d5980000, 0x00000000da280000, 0x0000000100000000)
  eden space 48640K, 99% used [0x00000000d5980000,0x00000000d88b6c38,0x00000000d8900000)
  from space 6656K, 3% used [0x00000000d8900000,0x00000000d8940000,0x00000000d8f80000)
  to   space 6656K, 0% used [0x00000000d9c00000,0x00000000d9c00000,0x00000000da280000)
 ParOldGen       total 39936K, used 14500K [0x0000000080c00000, 0x0000000083300000, 0x00000000d5980000)
  object space 39936K, 36% used [0x0000000080c00000,0x0000000081a291f0,0x0000000083300000)
 Metaspace       used 27453K, capacity 27636K, committed 27776K, reserved 1073152K
  class space    used 3642K, capacity 3706K, committed 3712K, reserved 1048576K
Event: 8.926 GC heap after
Heap after GC invocations=31 (full 1):
 PSYoungGen      total 66048K, used 224K [0x00000000d5980000, 0x00000000da100000, 0x0000000100000000)
  eden space 60928K, 0% used [0x00000000d5980000,0x00000000d5980000,0x00000000d9500000)
  from space 5120K, 4% used [0x00000000d9c00000,0x00000000d9c38000,0x00000000da100000)
  to   space 6144K, 0% used [0x00000000d9500000,0x00000000d9500000,0x00000000d9b00000)
 ParOldGen       total 39936K, used 14540K [0x0000000080c00000, 0x0000000083300000, 0x00000000d5980000)
  object space 39936K, 36% used [0x0000000080c00000,0x0000000081a331f0,0x0000000083300000)
 Metaspace       used 27453K, capacity 27636K, committed 27776K, reserved 1073152K
  class space    used 3642K, capacity 3706K, committed 3712K, reserved 1048576K
}
Event: 9.119 GC heap before
{Heap before GC invocations=32 (full 1):
 PSYoungGen      total 66048K, used 60863K [0x00000000d5980000, 0x00000000da100000, 0x0000000100000000)
  eden space 60928K, 99% used [0x00000000d5980000,0x00000000d94b7ce8,0x00000000d9500000)
  from space 5120K, 4% used [0x00000000d9c00000,0x00000000d9c38000,0x00000000da100000)
  to   space 6144K, 0% used [0x00000000d9500000,0x00000000d9500000,0x00000000d9b00000)
 ParOldGen       total 39936K, used 14540K [0x0000000080c00000, 0x0000000083300000, 0x00000000d5980000)
  object space 39936K, 36% used [0x0000000080c00000,0x0000000081a331f0,0x0000000083300000)
 Metaspace       used 27590K, capacity 27764K, committed 28032K, reserved 1073152K
  class space    used 3661K, capacity 3706K, committed 3712K, reserved 1048576K
Event: 9.120 GC heap after
Heap after GC invocations=32 (full 1):
 PSYoungGen      total 67072K, used 224K [0x00000000d5980000, 0x00000000daf80000, 0x0000000100000000)
  eden space 60928K, 0% used [0x00000000d5980000,0x00000000d5980000,0x00000000d9500000)
  from space 6144K, 3% used [0x00000000d9500000,0x00000000d9538000,0x00000000d9b00000)
  to   space 6144K, 0% used [0x00000000da980000,0x00000000da980000,0x00000000daf80000)
 ParOldGen       total 39936K, used 14572K [0x0000000080c00000, 0x0000000083300000, 0x00000000d5980000)
  object space 39936K, 36% used [0x0000000080c00000,0x0000000081a3b1f0,0x0000000083300000)
 Metaspace       used 27590K, capacity 27764K, committed 28032K, reserved 1073152K
  class space    used 3661K, capacity 3706K, committed 3712K, reserved 1048576K
}
Event: 9.298 GC heap before
{Heap before GC invocations=33 (full 1):
 PSYoungGen      total 67072K, used 60812K [0x00000000d5980000, 0x00000000daf80000, 0x0000000100000000)
  eden space 60928K, 99% used [0x00000000d5980000,0x00000000d94ab2c0,0x00000000d9500000)
  from space 6144K, 3% used [0x00000000d9500000,0x00000000d9538000,0x00000000d9b00000)
  to   space 6144K, 0% used [0x00000000da980000,0x00000000da980000,0x00000000daf80000)
 ParOldGen       total 39936K, used 14572K [0x0000000080c00000, 0x0000000083300000, 0x00000000d5980000)
  object space 39936K, 36% used [0x0000000080c00000,0x0000000081a3b1f0,0x0000000083300000)
 Metaspace       used 27628K, capacity 27796K, committed 28160K, reserved 1073152K
  class space    used 3665K, capacity 3738K, committed 3840K, reserved 1048576K
Event: 9.299 GC heap after
Heap after GC invocations=33 (full 1):
 PSYoungGen      total 80896K, used 192K [0x00000000d5980000, 0x00000000daf00000, 0x0000000100000000)
  eden space 75264K, 0% used [0x00000000d5980000,0x00000000d5980000,0x00000000da300000)
  from space 5632K, 3% used [0x00000000da980000,0x00000000da9b0000,0x00000000daf00000)
  to   space 6144K, 0% used [0x00000000da300000,0x00000000da300000,0x00000000da900000)
 ParOldGen       total 39936K, used 14620K [0x0000000080c00000, 0x0000000083300000, 0x00000000d5980000)
  object space 39936K, 36% used [0x0000000080c00000,0x0000000081a471f0,0x0000000083300000)
 Metaspace       used 27628K, capacity 27796K, committed 28160K, reserved 1073152K
  class space    used 3665K, capacity 3738K, committed 3840K, reserved 1048576K
}
Event: 9.512 GC heap before
{Heap before GC invocations=34 (full 1):
 PSYoungGen      total 80896K, used 75212K [0x00000000d5980000, 0x00000000daf00000, 0x0000000100000000)
  eden space 75264K, 99% used [0x00000000d5980000,0x00000000da2c3250,0x00000000da300000)
  from space 5632K, 3% used [0x00000000da980000,0x00000000da9b0000,0x00000000daf00000)
  to   space 6144K, 0% used [0x00000000da300000,0x00000000da300000,0x00000000da900000)
 ParOldGen       total 39936K, used 14620K [0x0000000080c00000, 0x0000000083300000, 0x00000000d5980000)
  object space 39936K, 36% used [0x0000000080c00000,0x0000000081a471f0,0x0000000083300000)
 Metaspace       used 27723K, capacity 27924K, committed 28160K, reserved 1073152K
  class space    used 3668K, capacity 3738K, committed 3840K, reserved 1048576K
Event: 9.513 GC heap after
Heap after GC invocations=34 (full 1):
 PSYoungGen      total 81408K, used 1011K [0x00000000d5980000, 0x00000000dbc00000, 0x0000000100000000)
  eden space 75264K, 0% used [0x00000000d5980000,0x00000000d5980000,0x00000000da300000)
  from space 6144K, 16% used [0x00000000da300000,0x00000000da3fce10,0x00000000da900000)
  to   space 5632K, 0% used [0x00000000db680000,0x00000000db680000,0x00000000dbc00000)
 ParOldGen       total 39936K, used 14644K [0x0000000080c00000, 0x0000000083300000, 0x00000000d5980000)
  object space 39936K, 36% used [0x0000000080c00000,0x0000000081a4d1f0,0x0000000083300000)
 Metaspace       used 27723K, capacity 27924K, committed 28160K, reserved 1073152K
  class space    used 3668K, capacity 3738K, committed 3840K, reserved 1048576K
}

