# JRE version: Java(TM) SE Runtime Environment (8.0_181-b13) (build 1.8.0_181-b13)
# Java VM: Java HotSpot(TM) 64-Bit Server VM (25.181-b13 mixed mode windows-amd64 compressed oops)
Heap:
 PSYoungGen      total 95744K, used 7564K [0x00000000d5980000, 0x00000000dbd00000, 0x0000000100000000)
  eden space 89600K, 5% used [0x00000000d5980000,0x00000000d5e6c6a8,0x00000000db100000)
  from space 6144K, 41% used [0x00000000db700000,0x00000000db976a30,0x00000000dbd00000)
  to   space 6144K, 0% used [0x00000000db100000,0x00000000db100000,0x00000000db700000)
 ParOldGen       total 39936K, used 14729K [0x0000000080c00000, 0x0000000083300000, 0x00000000d5980000)
  object space 39936K, 36% used [0x0000000080c00000,0x0000000081a62450,0x0000000083300000)
 Metaspace       used 27888K, capacity 28052K, committed 28416K, reserved 1073152K
  class space    used 3671K, capacity 3738K, committed 3840K, reserved 1048576K
GC Heap History (10 events):
Event: 8.874 GC heap before
{Heap before GC invocations=30 (full 1):
 PSYoungGen      total 55808K, used 48655K [0x00000000d5980000, 0x00000000d9700000, 0x0000000100000000)
  eden space 48640K, 99% used [0x00000000d5980000,0x00000000d88cbf78,0x00000000d8900000)
  from space 7168K, 3% used [0x00000000d9000000,0x00000000d9038000,0x00000000d9700000)
  to   space 7168K, 0% used [0x00000000d8900000,0x00000000d8900000,0x00000000d9000000)
 ParOldGen       total 39936K, used 14465K [0x0000000080c00000, 0x0000000083300000, 0x00000000d5980000)
  object space 39936K, 36% used [0x0000000080c00000,0x0000000081a20440,0x0000000083300000)
 Metaspace       used 27392K, capacity 27572K, committed 27776K, reserved 1073152K
  class space    used 3636K, capacity 3706K, committed 3712K, reserved 1048576K
Event: 8.876 GC heap after
Heap after GC invocations=30 (full 1):
 PSYoungGen      total 55808K, used 160K [0x00000000d5980000, 0x00000000da280000, 0x0000000100000000)
  eden space 48640K, 0% used [0x00000000d5980000,0x00000000d5980000,0x00000000d8900000)
  from space 7168K, 2% used [0x00000000d8900000,0x00000000d8928000,0x00000000d9000000)
  to   space 6656K, 0% used [0x00000000d9c00000,0x00000000d9c00000,0x00000000da280000)
 ParOldGen       total 39936K, used 14505K [0x0000000080c00000, 0x0000000083300000, 0x00000000d5980000)
  object space 39936K, 36% used [0x0000000080c00000,0x0000000081a2a440,0x0000000083300000)
 Metaspace       used 27392K, capacity 27572K, committed 27776K, reserved 1073152K
  class space    used 3636K, capacity 3706K, committed 3712K, reserved 1048576K
}
Event: 8.985 GC heap before
{Heap before GC invocations=31 (full 1):
 PSYoungGen      total 55808K, used 48429K [0x00000000d5980000, 0x00000000da280000, 0x0000000100000000)
  eden space 48640K, 99% used [0x00000000d5980000,0x00000000d88a3558,0x00000000d8900000)
  from space 7168K, 2% used [0x00000000d8900000,0x00000000d8928000,0x00000000d9000000)
  to   space 6656K, 0% used [0x00000000d9c00000,0x00000000d9c00000,0x00000000da280000)
 ParOldGen       total 39936K, used 14505K [0x0000000080c00000, 0x0000000083300000, 0x00000000d5980000)
  object space 39936K, 36% used [0x0000000080c00000,0x0000000081a2a440,0x0000000083300000)
 Metaspace       used 27534K, capacity 27700K, committed 27776K, reserved 1073152K
  class space    used 3653K, capacity 3706K, committed 3712K, reserved 1048576K
Event: 8.986 GC heap after
Heap after GC invocations=31 (full 1):
 PSYoungGen      total 66048K, used 1043K [0x00000000d5980000, 0x00000000da100000, 0x0000000100000000)
  eden space 60928K, 0% used [0x00000000d5980000,0x00000000d5980000,0x00000000d9500000)
  from space 5120K, 20% used [0x00000000d9c00000,0x00000000d9d04e10,0x00000000da100000)
  to   space 6144K, 0% used [0x00000000d9500000,0x00000000d9500000,0x00000000d9b00000)
 ParOldGen       total 39936K, used 14561K [0x0000000080c00000, 0x0000000083300000, 0x00000000d5980000)
  object space 39936K, 36% used [0x0000000080c00000,0x0000000081a38440,0x0000000083300000)
 Metaspace       used 27534K, capacity 27700K, committed 27776K, reserved 1073152K
  class space    used 3653K, capacity 3706K, committed 3712K, reserved 1048576K
}
Event: 9.158 GC heap before
{Heap before GC invocations=32 (full 1):
 PSYoungGen      total 66048K, used 61605K [0x00000000d5980000, 0x00000000da100000, 0x0000000100000000)
  eden space 60928K, 99% used [0x00000000d5980000,0x00000000d94a4808,0x00000000d9500000)
  from space 5120K, 20% used [0x00000000d9c00000,0x00000000d9d04e10,0x00000000da100000)
  to   space 6144K, 0% used [0x00000000d9500000,0x00000000d9500000,0x00000000d9b00000)
 ParOldGen       total 39936K, used 14561K [0x0000000080c00000, 0x0000000083300000, 0x00000000d5980000)
  object space 39936K, 36% used [0x0000000080c00000,0x0000000081a38440,0x0000000083300000)
 Metaspace       used 27589K, capacity 27764K, committed 28032K, reserved 1073152K
  class space    used 3659K, capacity 3706K, committed 3712K, reserved 1048576K
Event: 9.159 GC heap after
Heap after GC invocations=32 (full 1):
 PSYoungGen      total 67072K, used 192K [0x00000000d5980000, 0x00000000daf80000, 0x0000000100000000)
  eden space 60928K, 0% used [0x00000000d5980000,0x00000000d5980000,0x00000000d9500000)
  from space 6144K, 3% used [0x00000000d9500000,0x00000000d9530000,0x00000000d9b00000)
  to   space 6144K, 0% used [0x00000000da980000,0x00000000da980000,0x00000000daf80000)
 ParOldGen       total 39936K, used 14609K [0x0000000080c00000, 0x0000000083300000, 0x00000000d5980000)
  object space 39936K, 36% used [0x0000000080c00000,0x0000000081a44440,0x0000000083300000)
 Metaspace       used 27589K, capacity 27764K, committed 28032K, reserved 1073152K
  class space    used 3659K, capacity 3706K, committed 3712K, reserved 1048576K
}
Event: 9.309 GC heap before
{Heap before GC invocations=33 (full 1):
 PSYoungGen      total 67072K, used 60786K [0x00000000d5980000, 0x00000000daf80000, 0x0000000100000000)
  eden space 60928K, 99% used [0x00000000d5980000,0x00000000d94acb40,0x00000000d9500000)
  from space 6144K, 3% used [0x00000000d9500000,0x00000000d9530000,0x00000000d9b00000)
  to   space 6144K, 0% used [0x00000000da980000,0x00000000da980000,0x00000000daf80000)
 ParOldGen       total 39936K, used 14609K [0x0000000080c00000, 0x0000000083300000, 0x00000000d5980000)
  object space 39936K, 36% used [0x0000000080c00000,0x0000000081a44440,0x0000000083300000)
 Metaspace       used 27654K, capacity 27828K, committed 28032K, reserved 1073152K
  class space    used 3663K, capacity 3706K, committed 3712K, reserved 1048576K
Event: 9.311 GC heap after
Heap after GC invocations=33 (full 1):
 PSYoungGen      total 80896K, used 192K [0x00000000d5980000, 0x00000000daf00000, 0x0000000100000000)
  eden space 75264K, 0% used [0x00000000d5980000,0x00000000d5980000,0x00000000da300000)
  from space 5632K, 3% used [0x00000000da980000,0x00000000da9b0000,0x00000000daf00000)
  to   space 6144K, 0% used [0x00000000da300000,0x00000000da300000,0x00000000da900000)
 ParOldGen       total 39936K, used 14633K [0x0000000080c00000, 0x0000000083300000, 0x00000000d5980000)
  object space 39936K, 36% used [0x0000000080c00000,0x0000000081a4a440,0x0000000083300000)
 Metaspace       used 27654K, capacity 27828K, committed 28032K, reserved 1073152K
  class space    used 3663K, capacity 3706K, committed 3712K, reserved 1048576K
}
Event: 9.614 GC heap before
{Heap before GC invocations=34 (full 1):
 PSYoungGen      total 80896K, used 74809K [0x00000000d5980000, 0x00000000daf00000, 0x0000000100000000)
  eden space 75264K, 99% used [0x00000000d5980000,0x00000000da25e568,0x00000000da300000)
  from space 5632K, 3% used [0x00000000da980000,0x00000000da9b0000,0x00000000daf00000)
  to   space 6144K, 0% used [0x00000000da300000,0x00000000da300000,0x00000000da900000)
 ParOldGen       total 39936K, used 14633K [0x0000000080c00000, 0x0000000083300000, 0x00000000d5980000)
  object space 39936K, 36% used [0x0000000080c00000,0x0000000081a4a440,0x0000000083300000)
 Metaspace       used 27810K, capacity 28052K, committed 28416K, reserved 1073152K
  class space    used 3669K, capacity 3738K, committed 3840K, reserved 1048576K
Event: 9.616 GC heap after
Heap after GC invocations=34 (full 1):
 PSYoungGen      total 81408K, used 3406K [0x00000000d5980000, 0x00000000dbd00000, 0x0000000100000000)
  eden space 75264K, 0% used [0x00000000d5980000,0x00000000d5980000,0x00000000da300000)
  from space 6144K, 55% used [0x00000000da300000,0x00000000da653840,0x00000000da900000)
  to   space 6144K, 0% used [0x00000000db700000,0x00000000db700000,0x00000000dbd00000)
 ParOldGen       total 39936K, used 14665K [0x0000000080c00000, 0x0000000083300000, 0x00000000d5980000)
  object space 39936K, 36% used [0x0000000080c00000,0x0000000081a52440,0x0000000083300000)
 Metaspace       used 27810K, capacity 28052K, committed 28416K, reserved 1073152K
  class space    used 3669K, capacity 3738K, committed 3840K, reserved 1048576K
}

