# JRE version: Java(TM) SE Runtime Environment (8.0_181-b13) (build 1.8.0_181-b13)
# Java VM: Java HotSpot(TM) 64-Bit Server VM (25.181-b13 mixed mode windows-amd64 compressed oops)
Heap:
 PSYoungGen      total 82432K, used 65021K [0x00000000d5980000, 0x00000000db080000, 0x0000000100000000)
  eden space 77824K, 83% used [0x00000000d5980000,0x00000000d98cf5c0,0x00000000da580000)
  from space 4608K, 4% used [0x00000000dac00000,0x00000000dac30000,0x00000000db080000)
  to   space 5632K, 0% used [0x00000000da580000,0x00000000da580000,0x00000000dab00000)
 ParOldGen       total 39936K, used 14598K [0x0000000080c00000, 0x0000000083300000, 0x00000000d5980000)
  object space 39936K, 36% used [0x0000000080c00000,0x0000000081a419d0,0x0000000083300000)
 Metaspace       used 27807K, capacity 27988K, committed 28160K, reserved 1073152K
  class space    used 3672K, capacity 3738K, committed 3840K, reserved 1048576K
GC Heap History (10 events):
Event: 9.315 GC heap before
{Heap before GC invocations=29 (full 1):
 PSYoungGen      total 46592K, used 40140K [0x00000000d5980000, 0x00000000d9800000, 0x0000000100000000)
  eden space 39424K, 99% used [0x00000000d5980000,0x00000000d7faccf0,0x00000000d8000000)
  from space 7168K, 14% used [0x00000000d8000000,0x00000000d8106420,0x00000000d8700000)
  to   space 6656K, 0% used [0x00000000d9180000,0x00000000d9180000,0x00000000d9800000)
 ParOldGen       total 39936K, used 14358K [0x0000000080c00000, 0x0000000083300000, 0x00000000d5980000)
  object space 39936K, 35% used [0x0000000080c00000,0x0000000081a059d0,0x0000000083300000)
 Metaspace       used 27283K, capacity 27508K, committed 27776K, reserved 1073152K
  class space    used 3634K, capacity 3706K, committed 3712K, reserved 1048576K
Event: 9.316 GC heap after
Heap after GC invocations=29 (full 1):
 PSYoungGen      total 56320K, used 256K [0x00000000d5980000, 0x00000000d9780000, 0x0000000100000000)
  eden space 50176K, 0% used [0x00000000d5980000,0x00000000d5980000,0x00000000d8a80000)
  from space 6144K, 4% used [0x00000000d9180000,0x00000000d91c0000,0x00000000d9780000)
  to   space 6656K, 0% used [0x00000000d8a80000,0x00000000d8a80000,0x00000000d9100000)
 ParOldGen       total 39936K, used 14422K [0x0000000080c00000, 0x0000000083300000, 0x00000000d5980000)
  object space 39936K, 36% used [0x0000000080c00000,0x0000000081a159d0,0x0000000083300000)
 Metaspace       used 27283K, capacity 27508K, committed 27776K, reserved 1073152K
  class space    used 3634K, capacity 3706K, committed 3712K, reserved 1048576K
}
Event: 9.421 GC heap before
{Heap before GC invocations=30 (full 1):
 PSYoungGen      total 56320K, used 50432K [0x00000000d5980000, 0x00000000d9780000, 0x0000000100000000)
  eden space 50176K, 100% used [0x00000000d5980000,0x00000000d8a80000,0x00000000d8a80000)
  from space 6144K, 4% used [0x00000000d9180000,0x00000000d91c0000,0x00000000d9780000)
  to   space 6656K, 0% used [0x00000000d8a80000,0x00000000d8a80000,0x00000000d9100000)
 ParOldGen       total 39936K, used 14422K [0x0000000080c00000, 0x0000000083300000, 0x00000000d5980000)
  object space 39936K, 36% used [0x0000000080c00000,0x0000000081a159d0,0x0000000083300000)
 Metaspace       used 27388K, capacity 27572K, committed 27776K, reserved 1073152K
  class space    used 3640K, capacity 3706K, committed 3712K, reserved 1048576K
Event: 9.422 GC heap after
Heap after GC invocations=30 (full 1):
 PSYoungGen      total 56832K, used 979K [0x00000000d5980000, 0x00000000da380000, 0x0000000100000000)
  eden space 50176K, 0% used [0x00000000d5980000,0x00000000d5980000,0x00000000d8a80000)
  from space 6656K, 14% used [0x00000000d8a80000,0x00000000d8b74e10,0x00000000d9100000)
  to   space 6144K, 0% used [0x00000000d9d80000,0x00000000d9d80000,0x00000000da380000)
 ParOldGen       total 39936K, used 14470K [0x0000000080c00000, 0x0000000083300000, 0x00000000d5980000)
  object space 39936K, 36% used [0x0000000080c00000,0x0000000081a219d0,0x0000000083300000)
 Metaspace       used 27388K, capacity 27572K, committed 27776K, reserved 1073152K
  class space    used 3640K, capacity 3706K, committed 3712K, reserved 1048576K
}
Event: 9.563 GC heap before
{Heap before GC invocations=31 (full 1):
 PSYoungGen      total 56832K, used 51155K [0x00000000d5980000, 0x00000000da380000, 0x0000000100000000)
  eden space 50176K, 100% used [0x00000000d5980000,0x00000000d8a80000,0x00000000d8a80000)
  from space 6656K, 14% used [0x00000000d8a80000,0x00000000d8b74e10,0x00000000d9100000)
  to   space 6144K, 0% used [0x00000000d9d80000,0x00000000d9d80000,0x00000000da380000)
 ParOldGen       total 39936K, used 14470K [0x0000000080c00000, 0x0000000083300000, 0x00000000d5980000)
  object space 39936K, 36% used [0x0000000080c00000,0x0000000081a219d0,0x0000000083300000)
 Metaspace       used 27546K, capacity 27700K, committed 27776K, reserved 1073152K
  class space    used 3659K, capacity 3706K, committed 3712K, reserved 1048576K
Event: 9.564 GC heap after
Heap after GC invocations=31 (full 1):
 PSYoungGen      total 68608K, used 192K [0x00000000d5980000, 0x00000000da300000, 0x0000000100000000)
  eden space 62976K, 0% used [0x00000000d5980000,0x00000000d5980000,0x00000000d9700000)
  from space 5632K, 3% used [0x00000000d9d80000,0x00000000d9db0000,0x00000000da300000)
  to   space 6144K, 0% used [0x00000000d9700000,0x00000000d9700000,0x00000000d9d00000)
 ParOldGen       total 39936K, used 14518K [0x0000000080c00000, 0x0000000083300000, 0x00000000d5980000)
  object space 39936K, 36% used [0x0000000080c00000,0x0000000081a2d9d0,0x0000000083300000)
 Metaspace       used 27546K, capacity 27700K, committed 27776K, reserved 1073152K
  class space    used 3659K, capacity 3706K, committed 3712K, reserved 1048576K
}
Event: 9.780 GC heap before
{Heap before GC invocations=32 (full 1):
 PSYoungGen      total 68608K, used 63089K [0x00000000d5980000, 0x00000000da300000, 0x0000000100000000)
  eden space 62976K, 99% used [0x00000000d5980000,0x00000000d96ec6b8,0x00000000d9700000)
  from space 5632K, 3% used [0x00000000d9d80000,0x00000000d9db0000,0x00000000da300000)
  to   space 6144K, 0% used [0x00000000d9700000,0x00000000d9700000,0x00000000d9d00000)
 ParOldGen       total 39936K, used 14518K [0x0000000080c00000, 0x0000000083300000, 0x00000000d5980000)
  object space 39936K, 36% used [0x0000000080c00000,0x0000000081a2d9d0,0x0000000083300000)
 Metaspace       used 27601K, capacity 27796K, committed 28160K, reserved 1073152K
  class space    used 3665K, capacity 3738K, committed 3840K, reserved 1048576K
Event: 9.781 GC heap after
Heap after GC invocations=32 (full 1):
 PSYoungGen      total 69120K, used 192K [0x00000000d5980000, 0x00000000db200000, 0x0000000100000000)
  eden space 62976K, 0% used [0x00000000d5980000,0x00000000d5980000,0x00000000d9700000)
  from space 6144K, 3% used [0x00000000d9700000,0x00000000d9730000,0x00000000d9d00000)
  to   space 6144K, 0% used [0x00000000dac00000,0x00000000dac00000,0x00000000db200000)
 ParOldGen       total 39936K, used 14566K [0x0000000080c00000, 0x0000000083300000, 0x00000000d5980000)
  object space 39936K, 36% used [0x0000000080c00000,0x0000000081a399d0,0x0000000083300000)
 Metaspace       used 27601K, capacity 27796K, committed 28160K, reserved 1073152K
  class space    used 3665K, capacity 3738K, committed 3840K, reserved 1048576K
}
Event: 9.929 GC heap before
{Heap before GC invocations=33 (full 1):
 PSYoungGen      total 69120K, used 62618K [0x00000000d5980000, 0x00000000db200000, 0x0000000100000000)
  eden space 62976K, 99% used [0x00000000d5980000,0x00000000d9676ba0,0x00000000d9700000)
  from space 6144K, 3% used [0x00000000d9700000,0x00000000d9730000,0x00000000d9d00000)
  to   space 6144K, 0% used [0x00000000dac00000,0x00000000dac00000,0x00000000db200000)
 ParOldGen       total 39936K, used 14566K [0x0000000080c00000, 0x0000000083300000, 0x00000000d5980000)
  object space 39936K, 36% used [0x0000000080c00000,0x0000000081a399d0,0x0000000083300000)
 Metaspace       used 27663K, capacity 27796K, committed 28160K, reserved 1073152K
  class space    used 3666K, capacity 3738K, committed 3840K, reserved 1048576K
Event: 9.930 GC heap after
Heap after GC invocations=33 (full 1):
 PSYoungGen      total 82432K, used 192K [0x00000000d5980000, 0x00000000db080000, 0x0000000100000000)
  eden space 77824K, 0% used [0x00000000d5980000,0x00000000d5980000,0x00000000da580000)
  from space 4608K, 4% used [0x00000000dac00000,0x00000000dac30000,0x00000000db080000)
  to   space 5632K, 0% used [0x00000000da580000,0x00000000da580000,0x00000000dab00000)
 ParOldGen       total 39936K, used 14598K [0x0000000080c00000, 0x0000000083300000, 0x00000000d5980000)
  object space 39936K, 36% used [0x0000000080c00000,0x0000000081a419d0,0x0000000083300000)
 Metaspace       used 27663K, capacity 27796K, committed 28160K, reserved 1073152K
  class space    used 3666K, capacity 3738K, committed 3840K, reserved 1048576K
}

