# JRE version: Java(TM) SE Runtime Environment (8.0_181-b13) (build 1.8.0_181-b13)
# Java VM: Java HotSpot(TM) 64-Bit Server VM (25.181-b13 mixed mode windows-amd64 compressed oops)
Heap:
 PSYoungGen      total 60928K, used 30118K [0x00000000d5980000, 0x00000000dbf80000, 0x0000000100000000)
  eden space 60416K, 49% used [0x00000000d5980000,0x00000000d76b1888,0x00000000d9480000)
  from space 512K, 43% used [0x00000000dbf00000,0x00000000dbf38000,0x00000000dbf80000)
  to   space 7680K, 0% used [0x00000000db080000,0x00000000db080000,0x00000000db800000)
 ParOldGen       total 42496K, used 14459K [0x0000000080c00000, 0x0000000083580000, 0x00000000d5980000)
  object space 42496K, 34% used [0x0000000080c00000,0x0000000081a1eca0,0x0000000083580000)
 Metaspace       used 27780K, capacity 27956K, committed 28032K, reserved 1073152K
  class space    used 3667K, capacity 3706K, committed 3712K, reserved 1048576K
GC Heap History (10 events):
Event: 134.277 GC heap before
{Heap before GC invocations=19 (full 1):
 PSYoungGen      total 75264K, used 74152K [0x00000000d5980000, 0x00000000dd280000, 0x0000000100000000)
  eden space 69632K, 98% used [0x00000000d5980000,0x00000000d9cc5b60,0x00000000d9d80000)
  from space 5632K, 93% used [0x00000000dc800000,0x00000000dcd24738,0x00000000dcd80000)
  to   space 5120K, 0% used [0x00000000dcd80000,0x00000000dcd80000,0x00000000dd280000)
 ParOldGen       total 42496K, used 9941K [0x0000000080c00000, 0x0000000083580000, 0x00000000d5980000)
  object space 42496K, 23% used [0x0000000080c00000,0x00000000815b5630,0x0000000083580000)
 Metaspace       used 27294K, capacity 27476K, committed 27776K, reserved 1073152K
  class space    used 3629K, capacity 3674K, committed 3712K, reserved 1048576K
Event: 134.279 GC heap after
Heap after GC invocations=19 (full 1):
 PSYoungGen      total 68096K, used 352K [0x00000000d5980000, 0x00000000dce00000, 0x0000000100000000)
  eden space 67584K, 0% used [0x00000000d5980000,0x00000000d5980000,0x00000000d9b80000)
  from space 512K, 68% used [0x00000000dcd80000,0x00000000dcdd8000,0x00000000dce00000)
  to   space 8192K, 0% used [0x00000000dbe00000,0x00000000dbe00000,0x00000000dc600000)
 ParOldGen       total 42496K, used 14227K [0x0000000080c00000, 0x0000000083580000, 0x00000000d5980000)
  object space 42496K, 33% used [0x0000000080c00000,0x00000000819e4ca0,0x0000000083580000)
 Metaspace       used 27294K, capacity 27476K, committed 27776K, reserved 1073152K
  class space    used 3629K, capacity 3674K, committed 3712K, reserved 1048576K
}
Event: 134.518 GC heap before
{Heap before GC invocations=20 (full 1):
 PSYoungGen      total 68096K, used 67916K [0x00000000d5980000, 0x00000000dce00000, 0x0000000100000000)
  eden space 67584K, 99% used [0x00000000d5980000,0x00000000d9b7b308,0x00000000d9b80000)
  from space 512K, 68% used [0x00000000dcd80000,0x00000000dcdd8000,0x00000000dce00000)
  to   space 8192K, 0% used [0x00000000dbe00000,0x00000000dbe00000,0x00000000dc600000)
 ParOldGen       total 42496K, used 14227K [0x0000000080c00000, 0x0000000083580000, 0x00000000d5980000)
  object space 42496K, 33% used [0x0000000080c00000,0x00000000819e4ca0,0x0000000083580000)
 Metaspace       used 27420K, capacity 27636K, committed 27776K, reserved 1073152K
  class space    used 3637K, capacity 3706K, committed 3712K, reserved 1048576K
Event: 134.520 GC heap after
Heap after GC invocations=20 (full 1):
 PSYoungGen      total 73728K, used 1011K [0x00000000d5980000, 0x00000000dce00000, 0x0000000100000000)
  eden space 65536K, 0% used [0x00000000d5980000,0x00000000d5980000,0x00000000d9980000)
  from space 8192K, 12% used [0x00000000dbe00000,0x00000000dbefce10,0x00000000dc600000)
  to   space 8192K, 0% used [0x00000000dc600000,0x00000000dc600000,0x00000000dce00000)
 ParOldGen       total 42496K, used 14323K [0x0000000080c00000, 0x0000000083580000, 0x00000000d5980000)
  object space 42496K, 33% used [0x0000000080c00000,0x00000000819fcca0,0x0000000083580000)
 Metaspace       used 27420K, capacity 27636K, committed 27776K, reserved 1073152K
  class space    used 3637K, capacity 3706K, committed 3712K, reserved 1048576K
}
Event: 134.739 GC heap before
{Heap before GC invocations=21 (full 1):
 PSYoungGen      total 73728K, used 66386K [0x00000000d5980000, 0x00000000dce00000, 0x0000000100000000)
  eden space 65536K, 99% used [0x00000000d5980000,0x00000000d9957b40,0x00000000d9980000)
  from space 8192K, 12% used [0x00000000dbe00000,0x00000000dbefce10,0x00000000dc600000)
  to   space 8192K, 0% used [0x00000000dc600000,0x00000000dc600000,0x00000000dce00000)
 ParOldGen       total 42496K, used 14323K [0x0000000080c00000, 0x0000000083580000, 0x00000000d5980000)
  object space 42496K, 33% used [0x0000000080c00000,0x00000000819fcca0,0x0000000083580000)
 Metaspace       used 27581K, capacity 27764K, committed 28032K, reserved 1073152K
  class space    used 3658K, capacity 3706K, committed 3712K, reserved 1048576K
Event: 134.741 GC heap after
Heap after GC invocations=21 (full 1):
 PSYoungGen      total 64000K, used 256K [0x00000000d5980000, 0x00000000dc680000, 0x0000000100000000)
  eden space 63488K, 0% used [0x00000000d5980000,0x00000000d5980000,0x00000000d9780000)
  from space 512K, 50% used [0x00000000dc600000,0x00000000dc640000,0x00000000dc680000)
  to   space 8192K, 0% used [0x00000000db680000,0x00000000db680000,0x00000000dbe80000)
 ParOldGen       total 42496K, used 14379K [0x0000000080c00000, 0x0000000083580000, 0x00000000d5980000)
  object space 42496K, 33% used [0x0000000080c00000,0x0000000081a0aca0,0x0000000083580000)
 Metaspace       used 27581K, capacity 27764K, committed 28032K, reserved 1073152K
  class space    used 3658K, capacity 3706K, committed 3712K, reserved 1048576K
}
Event: 134.864 GC heap before
{Heap before GC invocations=22 (full 1):
 PSYoungGen      total 64000K, used 63744K [0x00000000d5980000, 0x00000000dc680000, 0x0000000100000000)
  eden space 63488K, 100% used [0x00000000d5980000,0x00000000d9780000,0x00000000d9780000)
  from space 512K, 50% used [0x00000000dc600000,0x00000000dc640000,0x00000000dc680000)
  to   space 8192K, 0% used [0x00000000db680000,0x00000000db680000,0x00000000dbe80000)
 ParOldGen       total 42496K, used 14379K [0x0000000080c00000, 0x0000000083580000, 0x00000000d5980000)
  object space 42496K, 33% used [0x0000000080c00000,0x0000000081a0aca0,0x0000000083580000)
 Metaspace       used 27616K, capacity 27764K, committed 28032K, reserved 1073152K
  class space    used 3660K, capacity 3706K, committed 3712K, reserved 1048576K
Event: 134.865 GC heap after
Heap after GC invocations=22 (full 1):
 PSYoungGen      total 70144K, used 192K [0x00000000d5980000, 0x00000000dc680000, 0x0000000100000000)
  eden space 61952K, 0% used [0x00000000d5980000,0x00000000d5980000,0x00000000d9600000)
  from space 8192K, 2% used [0x00000000db680000,0x00000000db6b0000,0x00000000dbe80000)
  to   space 7680K, 0% used [0x00000000dbf00000,0x00000000dbf00000,0x00000000dc680000)
 ParOldGen       total 42496K, used 14435K [0x0000000080c00000, 0x0000000083580000, 0x00000000d5980000)
  object space 42496K, 33% used [0x0000000080c00000,0x0000000081a18ca0,0x0000000083580000)
 Metaspace       used 27616K, capacity 27764K, committed 28032K, reserved 1073152K
  class space    used 3660K, capacity 3706K, committed 3712K, reserved 1048576K
}
Event: 135.020 GC heap before
{Heap before GC invocations=23 (full 1):
 PSYoungGen      total 70144K, used 61902K [0x00000000d5980000, 0x00000000dc680000, 0x0000000100000000)
  eden space 61952K, 99% used [0x00000000d5980000,0x00000000d95c3bf8,0x00000000d9600000)
  from space 8192K, 2% used [0x00000000db680000,0x00000000db6b0000,0x00000000dbe80000)
  to   space 7680K, 0% used [0x00000000dbf00000,0x00000000dbf00000,0x00000000dc680000)
 ParOldGen       total 42496K, used 14435K [0x0000000080c00000, 0x0000000083580000, 0x00000000d5980000)
  object space 42496K, 33% used [0x0000000080c00000,0x0000000081a18ca0,0x0000000083580000)
 Metaspace       used 27698K, capacity 27828K, committed 28032K, reserved 1073152K
  class space    used 3662K, capacity 3706K, committed 3712K, reserved 1048576K
Event: 135.022 GC heap after
Heap after GC invocations=23 (full 1):
 PSYoungGen      total 60928K, used 224K [0x00000000d5980000, 0x00000000dbf80000, 0x0000000100000000)
  eden space 60416K, 0% used [0x00000000d5980000,0x00000000d5980000,0x00000000d9480000)
  from space 512K, 43% used [0x00000000dbf00000,0x00000000dbf38000,0x00000000dbf80000)
  to   space 7680K, 0% used [0x00000000db080000,0x00000000db080000,0x00000000db800000)
 ParOldGen       total 42496K, used 14459K [0x0000000080c00000, 0x0000000083580000, 0x00000000d5980000)
  object space 42496K, 34% used [0x0000000080c00000,0x0000000081a1eca0,0x0000000083580000)
 Metaspace       used 27698K, capacity 27828K, committed 28032K, reserved 1073152K
  class space    used 3662K, capacity 3706K, committed 3712K, reserved 1048576K
}

