# JRE version: Java(TM) SE Runtime Environment (8.0_181-b13) (build 1.8.0_181-b13)
# Java VM: Java HotSpot(TM) 64-Bit Server VM (25.181-b13 mixed mode windows-amd64 compressed oops)
Heap:
 PSYoungGen      total 75776K, used 49146K [0x00000000d5980000, 0x00000000db700000, 0x0000000100000000)
  eden space 70656K, 69% used [0x00000000d5980000,0x00000000d8946998,0x00000000d9e80000)
  from space 5120K, 4% used [0x00000000d9e80000,0x00000000d9eb8000,0x00000000da380000)
  to   space 4608K, 0% used [0x00000000db280000,0x00000000db280000,0x00000000db700000)
 ParOldGen       total 52736K, used 19853K [0x0000000080c00000, 0x0000000083f80000, 0x00000000d5980000)
  object space 52736K, 37% used [0x0000000080c00000,0x0000000081f634a8,0x0000000083f80000)
 Metaspace       used 27796K, capacity 27924K, committed 28160K, reserved 1073152K
  class space    used 3670K, capacity 3738K, committed 3840K, reserved 1048576K
GC Heap History (10 events):
Event: 8.811 GC heap before
{Heap before GC invocations=28 (full 1):
 PSYoungGen      total 51200K, used 46002K [0x00000000d5980000, 0x00000000d9180000, 0x0000000100000000)
  eden space 46080K, 99% used [0x00000000d5980000,0x00000000d86174d8,0x00000000d8680000)
  from space 5120K, 6% used [0x00000000d8c80000,0x00000000d8cd5620,0x00000000d9180000)
  to   space 5632K, 0% used [0x00000000d8680000,0x00000000d8680000,0x00000000d8c00000)
 ParOldGen       total 52736K, used 19581K [0x0000000080c00000, 0x0000000083f80000, 0x00000000d5980000)
  object space 52736K, 37% used [0x0000000080c00000,0x0000000081f1f498,0x0000000083f80000)
 Metaspace       used 27219K, capacity 27412K, committed 27520K, reserved 1073152K
  class space    used 3630K, capacity 3674K, committed 3712K, reserved 1048576K
Event: 8.812 GC heap after
Heap after GC invocations=28 (full 1):
 PSYoungGen      total 51712K, used 288K [0x00000000d5980000, 0x00000000d9d00000, 0x0000000100000000)
  eden space 46080K, 0% used [0x00000000d5980000,0x00000000d5980000,0x00000000d8680000)
  from space 5632K, 5% used [0x00000000d8680000,0x00000000d86c8000,0x00000000d8c00000)
  to   space 5632K, 0% used [0x00000000d9780000,0x00000000d9780000,0x00000000d9d00000)
 ParOldGen       total 52736K, used 19645K [0x0000000080c00000, 0x0000000083f80000, 0x00000000d5980000)
  object space 52736K, 37% used [0x0000000080c00000,0x0000000081f2f4a8,0x0000000083f80000)
 Metaspace       used 27219K, capacity 27412K, committed 27520K, reserved 1073152K
  class space    used 3630K, capacity 3674K, committed 3712K, reserved 1048576K
}
Event: 8.938 GC heap before
{Heap before GC invocations=29 (full 1):
 PSYoungGen      total 51712K, used 45976K [0x00000000d5980000, 0x00000000d9d00000, 0x0000000100000000)
  eden space 46080K, 99% used [0x00000000d5980000,0x00000000d861e0b8,0x00000000d8680000)
  from space 5632K, 5% used [0x00000000d8680000,0x00000000d86c8000,0x00000000d8c00000)
  to   space 5632K, 0% used [0x00000000d9780000,0x00000000d9780000,0x00000000d9d00000)
 ParOldGen       total 52736K, used 19645K [0x0000000080c00000, 0x0000000083f80000, 0x00000000d5980000)
  object space 52736K, 37% used [0x0000000080c00000,0x0000000081f2f4a8,0x0000000083f80000)
 Metaspace       used 27380K, capacity 27572K, committed 27776K, reserved 1073152K
  class space    used 3636K, capacity 3706K, committed 3712K, reserved 1048576K
Event: 8.940 GC heap after
Heap after GC invocations=29 (full 1):
 PSYoungGen      total 61440K, used 979K [0x00000000d5980000, 0x00000000d9b80000, 0x0000000100000000)
  eden space 57344K, 0% used [0x00000000d5980000,0x00000000d5980000,0x00000000d9180000)
  from space 4096K, 23% used [0x00000000d9780000,0x00000000d9874e10,0x00000000d9b80000)
  to   space 5120K, 0% used [0x00000000d9180000,0x00000000d9180000,0x00000000d9680000)
 ParOldGen       total 52736K, used 19725K [0x0000000080c00000, 0x0000000083f80000, 0x00000000d5980000)
  object space 52736K, 37% used [0x0000000080c00000,0x0000000081f434a8,0x0000000083f80000)
 Metaspace       used 27380K, capacity 27572K, committed 27776K, reserved 1073152K
  class space    used 3636K, capacity 3706K, committed 3712K, reserved 1048576K
}
Event: 9.091 GC heap before
{Heap before GC invocations=30 (full 1):
 PSYoungGen      total 61440K, used 58134K [0x00000000d5980000, 0x00000000d9b80000, 0x0000000100000000)
  eden space 57344K, 99% used [0x00000000d5980000,0x00000000d9150d18,0x00000000d9180000)
  from space 4096K, 23% used [0x00000000d9780000,0x00000000d9874e10,0x00000000d9b80000)
  to   space 5120K, 0% used [0x00000000d9180000,0x00000000d9180000,0x00000000d9680000)
 ParOldGen       total 52736K, used 19725K [0x0000000080c00000, 0x0000000083f80000, 0x00000000d5980000)
  object space 52736K, 37% used [0x0000000080c00000,0x0000000081f434a8,0x0000000083f80000)
 Metaspace       used 27543K, capacity 27700K, committed 27776K, reserved 1073152K
  class space    used 3656K, capacity 3706K, committed 3712K, reserved 1048576K
Event: 9.093 GC heap after
Heap after GC invocations=30 (full 1):
 PSYoungGen      total 62464K, used 288K [0x00000000d5980000, 0x00000000da900000, 0x0000000100000000)
  eden space 57344K, 0% used [0x00000000d5980000,0x00000000d5980000,0x00000000d9180000)
  from space 5120K, 5% used [0x00000000d9180000,0x00000000d91c8000,0x00000000d9680000)
  to   space 5120K, 0% used [0x00000000da400000,0x00000000da400000,0x00000000da900000)
 ParOldGen       total 52736K, used 19773K [0x0000000080c00000, 0x0000000083f80000, 0x00000000d5980000)
  object space 52736K, 37% used [0x0000000080c00000,0x0000000081f4f4a8,0x0000000083f80000)
 Metaspace       used 27543K, capacity 27700K, committed 27776K, reserved 1073152K
  class space    used 3656K, capacity 3706K, committed 3712K, reserved 1048576K
}
Event: 9.348 GC heap before
{Heap before GC invocations=31 (full 1):
 PSYoungGen      total 62464K, used 57632K [0x00000000d5980000, 0x00000000da900000, 0x0000000100000000)
  eden space 57344K, 100% used [0x00000000d5980000,0x00000000d9180000,0x00000000d9180000)
  from space 5120K, 5% used [0x00000000d9180000,0x00000000d91c8000,0x00000000d9680000)
  to   space 5120K, 0% used [0x00000000da400000,0x00000000da400000,0x00000000da900000)
 ParOldGen       total 52736K, used 19773K [0x0000000080c00000, 0x0000000083f80000, 0x00000000d5980000)
  object space 52736K, 37% used [0x0000000080c00000,0x0000000081f4f4a8,0x0000000083f80000)
 Metaspace       used 27605K, capacity 27764K, committed 28032K, reserved 1073152K
  class space    used 3661K, capacity 3706K, committed 3712K, reserved 1048576K
Event: 9.349 GC heap after
Heap after GC invocations=31 (full 1):
 PSYoungGen      total 75264K, used 192K [0x00000000d5980000, 0x00000000da880000, 0x0000000100000000)
  eden space 70656K, 0% used [0x00000000d5980000,0x00000000d5980000,0x00000000d9e80000)
  from space 4608K, 4% used [0x00000000da400000,0x00000000da430000,0x00000000da880000)
  to   space 5120K, 0% used [0x00000000d9e80000,0x00000000d9e80000,0x00000000da380000)
 ParOldGen       total 52736K, used 19821K [0x0000000080c00000, 0x0000000083f80000, 0x00000000d5980000)
  object space 52736K, 37% used [0x0000000080c00000,0x0000000081f5b4a8,0x0000000083f80000)
 Metaspace       used 27605K, capacity 27764K, committed 28032K, reserved 1073152K
  class space    used 3661K, capacity 3706K, committed 3712K, reserved 1048576K
}
Event: 9.523 GC heap before
{Heap before GC invocations=32 (full 1):
 PSYoungGen      total 75264K, used 70793K [0x00000000d5980000, 0x00000000da880000, 0x0000000100000000)
  eden space 70656K, 99% used [0x00000000d5980000,0x00000000d9e725a0,0x00000000d9e80000)
  from space 4608K, 4% used [0x00000000da400000,0x00000000da430000,0x00000000da880000)
  to   space 5120K, 0% used [0x00000000d9e80000,0x00000000d9e80000,0x00000000da380000)
 ParOldGen       total 52736K, used 19821K [0x0000000080c00000, 0x0000000083f80000, 0x00000000d5980000)
  object space 52736K, 37% used [0x0000000080c00000,0x0000000081f5b4a8,0x0000000083f80000)
 Metaspace       used 27676K, capacity 27828K, committed 28032K, reserved 1073152K
  class space    used 3663K, capacity 3706K, committed 3712K, reserved 1048576K
Event: 9.525 GC heap after
Heap after GC invocations=32 (full 1):
 PSYoungGen      total 75776K, used 224K [0x00000000d5980000, 0x00000000db700000, 0x0000000100000000)
  eden space 70656K, 0% used [0x00000000d5980000,0x00000000d5980000,0x00000000d9e80000)
  from space 5120K, 4% used [0x00000000d9e80000,0x00000000d9eb8000,0x00000000da380000)
  to   space 4608K, 0% used [0x00000000db280000,0x00000000db280000,0x00000000db700000)
 ParOldGen       total 52736K, used 19853K [0x0000000080c00000, 0x0000000083f80000, 0x00000000d5980000)
  object space 52736K, 37% used [0x0000000080c00000,0x0000000081f634a8,0x0000000083f80000)
 Metaspace       used 27676K, capacity 27828K, committed 28032K, reserved 1073152K
  class space    used 3663K, capacity 3706K, committed 3712K, reserved 1048576K
}

