# JRE version: Java(TM) SE Runtime Environment (8.0_181-b13) (build 1.8.0_181-b13)
# Java VM: Java HotSpot(TM) 64-Bit Server VM (25.181-b13 mixed mode windows-amd64 compressed oops)
Heap:
 PSYoungGen      total 93184K, used 28972K [0x00000000d5980000, 0x00000000dba80000, 0x0000000100000000)
  eden space 89088K, 32% used [0x00000000d5980000,0x00000000d759b078,0x00000000db080000)
  from space 4096K, 4% used [0x00000000db680000,0x00000000db6b0000,0x00000000dba80000)
  to   space 5120K, 0% used [0x00000000db080000,0x00000000db080000,0x00000000db580000)
 ParOldGen       total 39936K, used 13904K [0x0000000080c00000, 0x0000000083300000, 0x00000000d5980000)
  object space 39936K, 34% used [0x0000000080c00000,0x00000000819941c0,0x0000000083300000)
 Metaspace       used 27828K, capacity 28052K, committed 28416K, reserved 1073152K
  class space    used 3671K, capacity 3738K, committed 3840K, reserved 1048576K
GC Heap History (10 events):
Event: 8.491 GC heap before
{Heap before GC invocations=31 (full 1):
 PSYoungGen      total 55296K, used 49449K [0x00000000d5980000, 0x00000000da100000, 0x0000000100000000)
  eden space 48640K, 99% used [0x00000000d5980000,0x00000000d88b5778,0x00000000d8900000)
  from space 6656K, 16% used [0x00000000d8900000,0x00000000d8a14e10,0x00000000d8f80000)
  to   space 6144K, 0% used [0x00000000d9b00000,0x00000000d9b00000,0x00000000da100000)
 ParOldGen       total 39936K, used 13675K [0x0000000080c00000, 0x0000000083300000, 0x00000000d5980000)
  object space 39936K, 34% used [0x0000000080c00000,0x000000008195aec0,0x0000000083300000)
 Metaspace       used 27416K, capacity 27636K, committed 27776K, reserved 1073152K
  class space    used 3640K, capacity 3706K, committed 3712K, reserved 1048576K
Event: 8.492 GC heap after
Heap after GC invocations=31 (full 1):
 PSYoungGen      total 67072K, used 192K [0x00000000d5980000, 0x00000000da100000, 0x0000000100000000)
  eden space 60928K, 0% used [0x00000000d5980000,0x00000000d5980000,0x00000000d9500000)
  from space 6144K, 3% used [0x00000000d9b00000,0x00000000d9b30000,0x00000000da100000)
  to   space 6144K, 0% used [0x00000000d9500000,0x00000000d9500000,0x00000000d9b00000)
 ParOldGen       total 39936K, used 13739K [0x0000000080c00000, 0x0000000083300000, 0x00000000d5980000)
  object space 39936K, 34% used [0x0000000080c00000,0x000000008196aec0,0x0000000083300000)
 Metaspace       used 27416K, capacity 27636K, committed 27776K, reserved 1073152K
  class space    used 3640K, capacity 3706K, committed 3712K, reserved 1048576K
}
Event: 8.619 GC heap before
{Heap before GC invocations=32 (full 1):
 PSYoungGen      total 67072K, used 61058K [0x00000000d5980000, 0x00000000da100000, 0x0000000100000000)
  eden space 60928K, 99% used [0x00000000d5980000,0x00000000d94f09a0,0x00000000d9500000)
  from space 6144K, 3% used [0x00000000d9b00000,0x00000000d9b30000,0x00000000da100000)
  to   space 6144K, 0% used [0x00000000d9500000,0x00000000d9500000,0x00000000d9b00000)
 ParOldGen       total 39936K, used 13739K [0x0000000080c00000, 0x0000000083300000, 0x00000000d5980000)
  object space 39936K, 34% used [0x0000000080c00000,0x000000008196aec0,0x0000000083300000)
 Metaspace       used 27542K, capacity 27700K, committed 27776K, reserved 1073152K
  class space    used 3653K, capacity 3706K, committed 3712K, reserved 1048576K
Event: 8.620 GC heap after
Heap after GC invocations=32 (full 1):
 PSYoungGen      total 67072K, used 224K [0x00000000d5980000, 0x00000000daf80000, 0x0000000100000000)
  eden space 60928K, 0% used [0x00000000d5980000,0x00000000d5980000,0x00000000d9500000)
  from space 6144K, 3% used [0x00000000d9500000,0x00000000d9538000,0x00000000d9b00000)
  to   space 6144K, 0% used [0x00000000da980000,0x00000000da980000,0x00000000daf80000)
 ParOldGen       total 39936K, used 13787K [0x0000000080c00000, 0x0000000083300000, 0x00000000d5980000)
  object space 39936K, 34% used [0x0000000080c00000,0x0000000081976ec0,0x0000000083300000)
 Metaspace       used 27542K, capacity 27700K, committed 27776K, reserved 1073152K
  class space    used 3653K, capacity 3706K, committed 3712K, reserved 1048576K
}
Event: 8.759 GC heap before
{Heap before GC invocations=33 (full 1):
 PSYoungGen      total 67072K, used 61119K [0x00000000d5980000, 0x00000000daf80000, 0x0000000100000000)
  eden space 60928K, 99% used [0x00000000d5980000,0x00000000d94f7ff0,0x00000000d9500000)
  from space 6144K, 3% used [0x00000000d9500000,0x00000000d9538000,0x00000000d9b00000)
  to   space 6144K, 0% used [0x00000000da980000,0x00000000da980000,0x00000000daf80000)
 ParOldGen       total 39936K, used 13787K [0x0000000080c00000, 0x0000000083300000, 0x00000000d5980000)
  object space 39936K, 34% used [0x0000000080c00000,0x0000000081976ec0,0x0000000083300000)
 Metaspace       used 27606K, capacity 27764K, committed 28032K, reserved 1073152K
  class space    used 3663K, capacity 3706K, committed 3712K, reserved 1048576K
Event: 8.760 GC heap after
Heap after GC invocations=33 (full 1):
 PSYoungGen      total 79872K, used 1011K [0x00000000d5980000, 0x00000000dae00000, 0x0000000100000000)
  eden space 75264K, 0% used [0x00000000d5980000,0x00000000d5980000,0x00000000da300000)
  from space 4608K, 21% used [0x00000000da980000,0x00000000daa7ce10,0x00000000dae00000)
  to   space 5632K, 0% used [0x00000000da300000,0x00000000da300000,0x00000000da880000)
 ParOldGen       total 39936K, used 13832K [0x0000000080c00000, 0x0000000083300000, 0x00000000d5980000)
  object space 39936K, 34% used [0x0000000080c00000,0x00000000819821c0,0x0000000083300000)
 Metaspace       used 27606K, capacity 27764K, committed 28032K, reserved 1073152K
  class space    used 3663K, capacity 3706K, committed 3712K, reserved 1048576K
}
Event: 8.913 GC heap before
{Heap before GC invocations=34 (full 1):
 PSYoungGen      total 79872K, used 75643K [0x00000000d5980000, 0x00000000dae00000, 0x0000000100000000)
  eden space 75264K, 99% used [0x00000000d5980000,0x00000000da262058,0x00000000da300000)
  from space 4608K, 21% used [0x00000000da980000,0x00000000daa7ce10,0x00000000dae00000)
  to   space 5632K, 0% used [0x00000000da300000,0x00000000da300000,0x00000000da880000)
 ParOldGen       total 39936K, used 13832K [0x0000000080c00000, 0x0000000083300000, 0x00000000d5980000)
  object space 39936K, 34% used [0x0000000080c00000,0x00000000819821c0,0x0000000083300000)
 Metaspace       used 27665K, capacity 27828K, committed 28032K, reserved 1073152K
  class space    used 3664K, capacity 3706K, committed 3712K, reserved 1048576K
Event: 8.914 GC heap after
Heap after GC invocations=34 (full 1):
 PSYoungGen      total 80896K, used 224K [0x00000000d5980000, 0x00000000dbc00000, 0x0000000100000000)
  eden space 75264K, 0% used [0x00000000d5980000,0x00000000d5980000,0x00000000da300000)
  from space 5632K, 3% used [0x00000000da300000,0x00000000da338000,0x00000000da880000)
  to   space 5632K, 0% used [0x00000000db680000,0x00000000db680000,0x00000000dbc00000)
 ParOldGen       total 39936K, used 13872K [0x0000000080c00000, 0x0000000083300000, 0x00000000d5980000)
  object space 39936K, 34% used [0x0000000080c00000,0x000000008198c1c0,0x0000000083300000)
 Metaspace       used 27665K, capacity 27828K, committed 28032K, reserved 1073152K
  class space    used 3664K, capacity 3706K, committed 3712K, reserved 1048576K
}
Event: 9.086 GC heap before
{Heap before GC invocations=35 (full 1):
 PSYoungGen      total 80896K, used 75488K [0x00000000d5980000, 0x00000000dbc00000, 0x0000000100000000)
  eden space 75264K, 100% used [0x00000000d5980000,0x00000000da300000,0x00000000da300000)
  from space 5632K, 3% used [0x00000000da300000,0x00000000da338000,0x00000000da880000)
  to   space 5632K, 0% used [0x00000000db680000,0x00000000db680000,0x00000000dbc00000)
 ParOldGen       total 39936K, used 13872K [0x0000000080c00000, 0x0000000083300000, 0x00000000d5980000)
  object space 39936K, 34% used [0x0000000080c00000,0x000000008198c1c0,0x0000000083300000)
 Metaspace       used 27738K, capacity 27924K, committed 28160K, reserved 1073152K
  class space    used 3666K, capacity 3738K, committed 3840K, reserved 1048576K
Event: 9.087 GC heap after
Heap after GC invocations=35 (full 1):
 PSYoungGen      total 93184K, used 192K [0x00000000d5980000, 0x00000000dba80000, 0x0000000100000000)
  eden space 89088K, 0% used [0x00000000d5980000,0x00000000d5980000,0x00000000db080000)
  from space 4096K, 4% used [0x00000000db680000,0x00000000db6b0000,0x00000000dba80000)
  to   space 5120K, 0% used [0x00000000db080000,0x00000000db080000,0x00000000db580000)
 ParOldGen       total 39936K, used 13904K [0x0000000080c00000, 0x0000000083300000, 0x00000000d5980000)
  object space 39936K, 34% used [0x0000000080c00000,0x00000000819941c0,0x0000000083300000)
 Metaspace       used 27738K, capacity 27924K, committed 28160K, reserved 1073152K
  class space    used 3666K, capacity 3738K, committed 3840K, reserved 1048576K
}

