# JRE version: Java(TM) SE Runtime Environment (8.0_181-b13) (build 1.8.0_181-b13)
# Java VM: Java HotSpot(TM) 64-Bit Server VM (25.181-b13 mixed mode windows-amd64 compressed oops)
Heap:
 PSYoungGen      total 90624K, used 12853K [0x00000000d5980000, 0x00000000db800000, 0x0000000100000000)
  eden space 86528K, 14% used [0x00000000d5980000,0x00000000d65dd6c0,0x00000000dae00000)
  from space 4096K, 4% used [0x00000000db400000,0x00000000db430000,0x00000000db800000)
  to   space 5120K, 0% used [0x00000000dae00000,0x00000000dae00000,0x00000000db300000)
 ParOldGen       total 39936K, used 16242K [0x0000000080c00000, 0x0000000083300000, 0x00000000d5980000)
  object space 39936K, 40% used [0x0000000080c00000,0x0000000081bdc990,0x0000000083300000)
 Metaspace       used 27841K, capacity 27988K, committed 28160K, reserved 1073152K
  class space    used 3671K, capacity 3738K, committed 3840K, reserved 1048576K
GC Heap History (10 events):
Event: 9.118 GC heap before
{Heap before GC invocations=31 (full 1):
 PSYoungGen      total 54784K, used 48124K [0x00000000d5980000, 0x00000000da080000, 0x0000000100000000)
  eden space 48128K, 99% used [0x00000000d5980000,0x00000000d883f348,0x00000000d8880000)
  from space 6656K, 3% used [0x00000000d8880000,0x00000000d88c0000,0x00000000d8f00000)
  to   space 6144K, 0% used [0x00000000d9a80000,0x00000000d9a80000,0x00000000da080000)
 ParOldGen       total 39936K, used 16058K [0x0000000080c00000, 0x0000000083300000, 0x00000000d5980000)
  object space 39936K, 40% used [0x0000000080c00000,0x0000000081bae990,0x0000000083300000)
 Metaspace       used 27459K, capacity 27636K, committed 27776K, reserved 1073152K
  class space    used 3642K, capacity 3706K, committed 3712K, reserved 1048576K
Event: 9.119 GC heap after
Heap after GC invocations=31 (full 1):
 PSYoungGen      total 65536K, used 192K [0x00000000d5980000, 0x00000000da000000, 0x0000000100000000)
  eden space 59904K, 0% used [0x00000000d5980000,0x00000000d5980000,0x00000000d9400000)
  from space 5632K, 3% used [0x00000000d9a80000,0x00000000d9ab0000,0x00000000da000000)
  to   space 6144K, 0% used [0x00000000d9400000,0x00000000d9400000,0x00000000d9a00000)
 ParOldGen       total 39936K, used 16106K [0x0000000080c00000, 0x0000000083300000, 0x00000000d5980000)
  object space 39936K, 40% used [0x0000000080c00000,0x0000000081bba990,0x0000000083300000)
 Metaspace       used 27459K, capacity 27636K, committed 27776K, reserved 1073152K
  class space    used 3642K, capacity 3706K, committed 3712K, reserved 1048576K
}
Event: 9.228 GC heap before
{Heap before GC invocations=32 (full 1):
 PSYoungGen      total 65536K, used 59859K [0x00000000d5980000, 0x00000000da000000, 0x0000000100000000)
  eden space 59904K, 99% used [0x00000000d5980000,0x00000000d93c4e58,0x00000000d9400000)
  from space 5632K, 3% used [0x00000000d9a80000,0x00000000d9ab0000,0x00000000da000000)
  to   space 6144K, 0% used [0x00000000d9400000,0x00000000d9400000,0x00000000d9a00000)
 ParOldGen       total 39936K, used 16106K [0x0000000080c00000, 0x0000000083300000, 0x00000000d5980000)
  object space 39936K, 40% used [0x0000000080c00000,0x0000000081bba990,0x0000000083300000)
 Metaspace       used 27573K, capacity 27764K, committed 28032K, reserved 1073152K
  class space    used 3660K, capacity 3706K, committed 3712K, reserved 1048576K
Event: 9.229 GC heap after
Heap after GC invocations=32 (full 1):
 PSYoungGen      total 66048K, used 224K [0x00000000d5980000, 0x00000000dad00000, 0x0000000100000000)
  eden space 59904K, 0% used [0x00000000d5980000,0x00000000d5980000,0x00000000d9400000)
  from space 6144K, 3% used [0x00000000d9400000,0x00000000d9438000,0x00000000d9a00000)
  to   space 5632K, 0% used [0x00000000da780000,0x00000000da780000,0x00000000dad00000)
 ParOldGen       total 39936K, used 16146K [0x0000000080c00000, 0x0000000083300000, 0x00000000d5980000)
  object space 39936K, 40% used [0x0000000080c00000,0x0000000081bc4990,0x0000000083300000)
 Metaspace       used 27573K, capacity 27764K, committed 28032K, reserved 1073152K
  class space    used 3660K, capacity 3706K, committed 3712K, reserved 1048576K
}
Event: 9.340 GC heap before
{Heap before GC invocations=33 (full 1):
 PSYoungGen      total 66048K, used 59405K [0x00000000d5980000, 0x00000000dad00000, 0x0000000100000000)
  eden space 59904K, 98% used [0x00000000d5980000,0x00000000d934b798,0x00000000d9400000)
  from space 6144K, 3% used [0x00000000d9400000,0x00000000d9438000,0x00000000d9a00000)
  to   space 5632K, 0% used [0x00000000da780000,0x00000000da780000,0x00000000dad00000)
 ParOldGen       total 39936K, used 16146K [0x0000000080c00000, 0x0000000083300000, 0x00000000d5980000)
  object space 39936K, 40% used [0x0000000080c00000,0x0000000081bc4990,0x0000000083300000)
 Metaspace       used 27609K, capacity 27764K, committed 28032K, reserved 1073152K
  class space    used 3663K, capacity 3706K, committed 3712K, reserved 1048576K
Event: 9.341 GC heap after
Heap after GC invocations=33 (full 1):
 PSYoungGen      total 78848K, used 160K [0x00000000d5980000, 0x00000000dac80000, 0x0000000100000000)
  eden space 73728K, 0% used [0x00000000d5980000,0x00000000d5980000,0x00000000da180000)
  from space 5120K, 3% used [0x00000000da780000,0x00000000da7a8000,0x00000000dac80000)
  to   space 5632K, 0% used [0x00000000da180000,0x00000000da180000,0x00000000da700000)
 ParOldGen       total 39936K, used 16194K [0x0000000080c00000, 0x0000000083300000, 0x00000000d5980000)
  object space 39936K, 40% used [0x0000000080c00000,0x0000000081bd0990,0x0000000083300000)
 Metaspace       used 27609K, capacity 27764K, committed 28032K, reserved 1073152K
  class space    used 3663K, capacity 3706K, committed 3712K, reserved 1048576K
}
Event: 9.486 GC heap before
{Heap before GC invocations=34 (full 1):
 PSYoungGen      total 78848K, used 73162K [0x00000000d5980000, 0x00000000dac80000, 0x0000000100000000)
  eden space 73728K, 99% used [0x00000000d5980000,0x00000000da0ca850,0x00000000da180000)
  from space 5120K, 3% used [0x00000000da780000,0x00000000da7a8000,0x00000000dac80000)
  to   space 5632K, 0% used [0x00000000da180000,0x00000000da180000,0x00000000da700000)
 ParOldGen       total 39936K, used 16194K [0x0000000080c00000, 0x0000000083300000, 0x00000000d5980000)
  object space 39936K, 40% used [0x0000000080c00000,0x0000000081bd0990,0x0000000083300000)
 Metaspace       used 27677K, capacity 27860K, committed 28160K, reserved 1073152K
  class space    used 3665K, capacity 3738K, committed 3840K, reserved 1048576K
Event: 9.487 GC heap after
Heap after GC invocations=34 (full 1):
 PSYoungGen      total 79360K, used 160K [0x00000000d5980000, 0x00000000db900000, 0x0000000100000000)
  eden space 73728K, 0% used [0x00000000d5980000,0x00000000d5980000,0x00000000da180000)
  from space 5632K, 2% used [0x00000000da180000,0x00000000da1a8000,0x00000000da700000)
  to   space 5120K, 0% used [0x00000000db400000,0x00000000db400000,0x00000000db900000)
 ParOldGen       total 39936K, used 16218K [0x0000000080c00000, 0x0000000083300000, 0x00000000d5980000)
  object space 39936K, 40% used [0x0000000080c00000,0x0000000081bd6990,0x0000000083300000)
 Metaspace       used 27677K, capacity 27860K, committed 28160K, reserved 1073152K
  class space    used 3665K, capacity 3738K, committed 3840K, reserved 1048576K
}
Event: 9.705 GC heap before
{Heap before GC invocations=35 (full 1):
 PSYoungGen      total 79360K, used 73272K [0x00000000d5980000, 0x00000000db900000, 0x0000000100000000)
  eden space 73728K, 99% used [0x00000000d5980000,0x00000000da0e6018,0x00000000da180000)
  from space 5632K, 2% used [0x00000000da180000,0x00000000da1a8000,0x00000000da700000)
  to   space 5120K, 0% used [0x00000000db400000,0x00000000db400000,0x00000000db900000)
 ParOldGen       total 39936K, used 16218K [0x0000000080c00000, 0x0000000083300000, 0x00000000d5980000)
  object space 39936K, 40% used [0x0000000080c00000,0x0000000081bd6990,0x0000000083300000)
 Metaspace       used 27771K, capacity 27924K, committed 28160K, reserved 1073152K
  class space    used 3667K, capacity 3738K, committed 3840K, reserved 1048576K
Event: 9.706 GC heap after
Heap after GC invocations=35 (full 1):
 PSYoungGen      total 90624K, used 192K [0x00000000d5980000, 0x00000000db800000, 0x0000000100000000)
  eden space 86528K, 0% used [0x00000000d5980000,0x00000000d5980000,0x00000000dae00000)
  from space 4096K, 4% used [0x00000000db400000,0x00000000db430000,0x00000000db800000)
  to   space 5120K, 0% used [0x00000000dae00000,0x00000000dae00000,0x00000000db300000)
 ParOldGen       total 39936K, used 16242K [0x0000000080c00000, 0x0000000083300000, 0x00000000d5980000)
  object space 39936K, 40% used [0x0000000080c00000,0x0000000081bdc990,0x0000000083300000)
 Metaspace       used 27771K, capacity 27924K, committed 28160K, reserved 1073152K
  class space    used 3667K, capacity 3738K, committed 3840K, reserved 1048576K
}

