# JRE version: Java(TM) SE Runtime Environment (8.0_181-b13) (build 1.8.0_181-b13)
# Java VM: Java HotSpot(TM) 64-Bit Server VM (25.181-b13 mixed mode windows-amd64 compressed oops)
Heap:
 PSYoungGen      total 35328K, used 5698K [0x00000000d5980000, 0x00000000d8400000, 0x0000000100000000)
  eden space 28160K, 20% used [0x00000000d5980000,0x00000000d5f10868,0x00000000d7500000)
  from space 7168K, 0% used [0x00000000d7d00000,0x00000000d7d00000,0x00000000d8400000)
  to   space 7680K, 0% used [0x00000000d7500000,0x00000000d7500000,0x00000000d7c80000)
 ParOldGen       total 38400K, used 3879K [0x0000000080c00000, 0x0000000083180000, 0x00000000d5980000)
  object space 38400K, 10% used [0x0000000080c00000,0x0000000080fc9c78,0x0000000083180000)
 Metaspace       used 21198K, capacity 21294K, committed 21504K, reserved 1067008K
  class space    used 2967K, capacity 3001K, committed 3072K, reserved 1048576K
GC Heap History (10 events):
Event: 5.027 GC heap before
{Heap before GC invocations=9 (full 0):
 PSYoungGen      total 37888K, used 33520K [0x00000000d5980000, 0x00000000d8600000, 0x0000000100000000)
  eden space 31232K, 100% used [0x00000000d5980000,0x00000000d7800000,0x00000000d7800000)
  from space 6656K, 34% used [0x00000000d7f80000,0x00000000d81bc188,0x00000000d8600000)
  to   space 7168K, 0% used [0x00000000d7800000,0x00000000d7800000,0x00000000d7f00000)
 ParOldGen       total 87552K, used 4276K [0x0000000080c00000, 0x0000000086180000, 0x00000000d5980000)
  object space 87552K, 4% used [0x0000000080c00000,0x000000008102d2b0,0x0000000086180000)
 Metaspace       used 19660K, capacity 19854K, committed 20096K, reserved 1067008K
  class space    used 2787K, capacity 2841K, committed 2944K, reserved 1048576K
Event: 5.028 GC heap after
Heap after GC invocations=9 (full 0):
 PSYoungGen      total 37888K, used 832K [0x00000000d5980000, 0x00000000d8680000, 0x0000000100000000)
  eden space 30720K, 0% used [0x00000000d5980000,0x00000000d5980000,0x00000000d7780000)
  from space 7168K, 11% used [0x00000000d7800000,0x00000000d78d0000,0x00000000d7f00000)
  to   space 7680K, 0% used [0x00000000d7f00000,0x00000000d7f00000,0x00000000d8680000)
 ParOldGen       total 87552K, used 4692K [0x0000000080c00000, 0x0000000086180000, 0x00000000d5980000)
  object space 87552K, 5% used [0x0000000080c00000,0x00000000810952c0,0x0000000086180000)
 Metaspace       used 19660K, capacity 19854K, committed 20096K, reserved 1067008K
  class space    used 2787K, capacity 2841K, committed 2944K, reserved 1048576K
}
Event: 5.323 GC heap before
{Heap before GC invocations=10 (full 0):
 PSYoungGen      total 37888K, used 31552K [0x00000000d5980000, 0x00000000d8680000, 0x0000000100000000)
  eden space 30720K, 100% used [0x00000000d5980000,0x00000000d7780000,0x00000000d7780000)
  from space 7168K, 11% used [0x00000000d7800000,0x00000000d78d0000,0x00000000d7f00000)
  to   space 7680K, 0% used [0x00000000d7f00000,0x00000000d7f00000,0x00000000d8680000)
 ParOldGen       total 87552K, used 4692K [0x0000000080c00000, 0x0000000086180000, 0x00000000d5980000)
  object space 87552K, 5% used [0x0000000080c00000,0x00000000810952c0,0x0000000086180000)
 Metaspace       used 20854K, capacity 21038K, committed 21248K, reserved 1067008K
  class space    used 2965K, capacity 3001K, committed 3072K, reserved 1048576K
Event: 5.325 GC heap after
Heap after GC invocations=10 (full 0):
 PSYoungGen      total 37376K, used 1024K [0x00000000d5980000, 0x00000000d8600000, 0x0000000100000000)
  eden space 30208K, 0% used [0x00000000d5980000,0x00000000d5980000,0x00000000d7700000)
  from space 7168K, 14% used [0x00000000d7f00000,0x00000000d8000000,0x00000000d8600000)
  to   space 7680K, 0% used [0x00000000d7700000,0x00000000d7700000,0x00000000d7e80000)
 ParOldGen       total 87552K, used 5276K [0x0000000080c00000, 0x0000000086180000, 0x00000000d5980000)
  object space 87552K, 6% used [0x0000000080c00000,0x0000000081127210,0x0000000086180000)
 Metaspace       used 20854K, capacity 21038K, committed 21248K, reserved 1067008K
  class space    used 2965K, capacity 3001K, committed 3072K, reserved 1048576K
}
Event: 5.538 GC heap before
{Heap before GC invocations=11 (full 0):
 PSYoungGen      total 37376K, used 31232K [0x00000000d5980000, 0x00000000d8600000, 0x0000000100000000)
  eden space 30208K, 100% used [0x00000000d5980000,0x00000000d7700000,0x00000000d7700000)
  from space 7168K, 14% used [0x00000000d7f00000,0x00000000d8000000,0x00000000d8600000)
  to   space 7680K, 0% used [0x00000000d7700000,0x00000000d7700000,0x00000000d7e80000)
 ParOldGen       total 87552K, used 5276K [0x0000000080c00000, 0x0000000086180000, 0x00000000d5980000)
  object space 87552K, 6% used [0x0000000080c00000,0x0000000081127210,0x0000000086180000)
 Metaspace       used 20877K, capacity 21038K, committed 21248K, reserved 1067008K
  class space    used 2965K, capacity 3001K, committed 3072K, reserved 1048576K
Event: 5.539 GC heap after
Heap after GC invocations=11 (full 0):
 PSYoungGen      total 30208K, used 96K [0x00000000d5980000, 0x00000000d8580000, 0x0000000100000000)
  eden space 29696K, 0% used [0x00000000d5980000,0x00000000d5980000,0x00000000d7680000)
  from space 512K, 18% used [0x00000000d7700000,0x00000000d7718000,0x00000000d7780000)
  to   space 7680K, 0% used [0x00000000d7e00000,0x00000000d7e00000,0x00000000d8580000)
 ParOldGen       total 87552K, used 5524K [0x0000000080c00000, 0x0000000086180000, 0x00000000d5980000)
  object space 87552K, 6% used [0x0000000080c00000,0x00000000811650b0,0x0000000086180000)
 Metaspace       used 20877K, capacity 21038K, committed 21248K, reserved 1067008K
  class space    used 2965K, capacity 3001K, committed 3072K, reserved 1048576K
}
Event: 5.716 GC heap before
{Heap before GC invocations=12 (full 0):
 PSYoungGen      total 30208K, used 29792K [0x00000000d5980000, 0x00000000d8580000, 0x0000000100000000)
  eden space 29696K, 100% used [0x00000000d5980000,0x00000000d7680000,0x00000000d7680000)
  from space 512K, 18% used [0x00000000d7700000,0x00000000d7718000,0x00000000d7780000)
  to   space 7680K, 0% used [0x00000000d7e00000,0x00000000d7e00000,0x00000000d8580000)
 ParOldGen       total 87552K, used 5524K [0x0000000080c00000, 0x0000000086180000, 0x00000000d5980000)
  object space 87552K, 6% used [0x0000000080c00000,0x00000000811650b0,0x0000000086180000)
 Metaspace       used 20889K, capacity 21038K, committed 21248K, reserved 1067008K
  class space    used 2965K, capacity 3001K, committed 3072K, reserved 1048576K
Event: 5.716 GC heap after
Heap after GC invocations=12 (full 0):
 PSYoungGen      total 36352K, used 96K [0x00000000d5980000, 0x00000000d8500000, 0x0000000100000000)
  eden space 29184K, 0% used [0x00000000d5980000,0x00000000d5980000,0x00000000d7600000)
  from space 7168K, 1% used [0x00000000d7e00000,0x00000000d7e18000,0x00000000d8500000)
  to   space 7680K, 0% used [0x00000000d7600000,0x00000000d7600000,0x00000000d7d80000)
 ParOldGen       total 87552K, used 5548K [0x0000000080c00000, 0x0000000086180000, 0x00000000d5980000)
  object space 87552K, 6% used [0x0000000080c00000,0x000000008116b0b0,0x0000000086180000)
 Metaspace       used 20889K, capacity 21038K, committed 21248K, reserved 1067008K
  class space    used 2965K, capacity 3001K, committed 3072K, reserved 1048576K
}
Event: 5.918 GC heap before
{Heap before GC invocations=13 (full 0):
 PSYoungGen      total 36352K, used 29280K [0x00000000d5980000, 0x00000000d8500000, 0x0000000100000000)
  eden space 29184K, 100% used [0x00000000d5980000,0x00000000d7600000,0x00000000d7600000)
  from space 7168K, 1% used [0x00000000d7e00000,0x00000000d7e18000,0x00000000d8500000)
  to   space 7680K, 0% used [0x00000000d7600000,0x00000000d7600000,0x00000000d7d80000)
 ParOldGen       total 87552K, used 5548K [0x0000000080c00000, 0x0000000086180000, 0x00000000d5980000)
  object space 87552K, 6% used [0x0000000080c00000,0x000000008116b0b0,0x0000000086180000)
 Metaspace       used 20899K, capacity 21038K, committed 21248K, reserved 1067008K
  class space    used 2966K, capacity 3001K, committed 3072K, reserved 1048576K
Event: 5.919 GC heap after
Heap after GC invocations=13 (full 0):
 PSYoungGen      total 29184K, used 160K [0x00000000d5980000, 0x00000000d8480000, 0x0000000100000000)
  eden space 28672K, 0% used [0x00000000d5980000,0x00000000d5980000,0x00000000d7580000)
  from space 512K, 31% used [0x00000000d7600000,0x00000000d7628000,0x00000000d7680000)
  to   space 7680K, 0% used [0x00000000d7d00000,0x00000000d7d00000,0x00000000d8480000)
 ParOldGen       total 87552K, used 5556K [0x0000000080c00000, 0x0000000086180000, 0x00000000d5980000)
  object space 87552K, 6% used [0x0000000080c00000,0x000000008116d0b0,0x0000000086180000)
 Metaspace       used 20899K, capacity 21038K, committed 21248K, reserved 1067008K
  class space    used 2966K, capacity 3001K, committed 3072K, reserved 1048576K
}

