# JRE version: Java(TM) SE Runtime Environment (8.0_181-b13) (build 1.8.0_181-b13)
# Java VM: Java HotSpot(TM) 64-Bit Server VM (25.181-b13 mixed mode windows-amd64 compressed oops)
Heap:
 PSYoungGen      total 86016K, used 50866K [0x00000000d5980000, 0x00000000dda00000, 0x0000000100000000)
  eden space 84480K, 58% used [0x00000000d5980000,0x00000000d89fadc0,0x00000000dac00000)
  from space 1536K, 79% used [0x00000000dd880000,0x00000000dd9b1ac8,0x00000000dda00000)
  to   space 8192K, 0% used [0x00000000dca00000,0x00000000dca00000,0x00000000dd200000)
 ParOldGen       total 50176K, used 5796K [0x0000000080c00000, 0x0000000083d00000, 0x00000000d5980000)
  object space 50176K, 11% used [0x0000000080c00000,0x00000000811a9278,0x0000000083d00000)
 Metaspace       used 27602K, capacity 27796K, committed 28160K, reserved 1073152K
  class space    used 3678K, capacity 3738K, committed 3840K, reserved 1048576K
GC Heap History (10 events):
Event: 6.677 GC heap before
{Heap before GC invocations=9 (full 1):
 PSYoungGen      total 64512K, used 60928K [0x00000000d5980000, 0x00000000da400000, 0x0000000100000000)
  eden space 60928K, 100% used [0x00000000d5980000,0x00000000d9500000,0x00000000d9500000)
  from space 3584K, 0% used [0x00000000d9680000,0x00000000d9680000,0x00000000d9a00000)
  to   space 7680K, 0% used [0x00000000d9c80000,0x00000000d9c80000,0x00000000da400000)
 ParOldGen       total 50176K, used 4687K [0x0000000080c00000, 0x0000000083d00000, 0x00000000d5980000)
  object space 50176K, 9% used [0x0000000080c00000,0x0000000081093df8,0x0000000083d00000)
 Metaspace       used 23540K, capacity 23726K, committed 23808K, reserved 1069056K
  class space    used 3240K, capacity 3321K, committed 3328K, reserved 1048576K
Event: 6.682 GC heap after
Heap after GC invocations=9 (full 1):
 PSYoungGen      total 68608K, used 2829K [0x00000000d5980000, 0x00000000dce00000, 0x0000000100000000)
  eden space 60928K, 0% used [0x00000000d5980000,0x00000000d5980000,0x00000000d9500000)
  from space 7680K, 36% used [0x00000000d9c80000,0x00000000d9f435c0,0x00000000da400000)
  to   space 7680K, 0% used [0x00000000d9500000,0x00000000d9500000,0x00000000d9c80000)
 ParOldGen       total 50176K, used 4687K [0x0000000080c00000, 0x0000000083d00000, 0x00000000d5980000)
  object space 50176K, 9% used [0x0000000080c00000,0x0000000081093df8,0x0000000083d00000)
 Metaspace       used 23540K, capacity 23726K, committed 23808K, reserved 1069056K
  class space    used 3240K, capacity 3321K, committed 3328K, reserved 1048576K
}
Event: 7.226 GC heap before
{Heap before GC invocations=10 (full 1):
 PSYoungGen      total 68608K, used 63757K [0x00000000d5980000, 0x00000000dce00000, 0x0000000100000000)
  eden space 60928K, 100% used [0x00000000d5980000,0x00000000d9500000,0x00000000d9500000)
  from space 7680K, 36% used [0x00000000d9c80000,0x00000000d9f435c0,0x00000000da400000)
  to   space 7680K, 0% used [0x00000000d9500000,0x00000000d9500000,0x00000000d9c80000)
 ParOldGen       total 50176K, used 4687K [0x0000000080c00000, 0x0000000083d00000, 0x00000000d5980000)
  object space 50176K, 9% used [0x0000000080c00000,0x0000000081093df8,0x0000000083d00000)
 Metaspace       used 24720K, capacity 24884K, committed 24960K, reserved 1071104K
  class space    used 3386K, capacity 3450K, committed 3456K, reserved 1048576K
Event: 7.236 GC heap after
Heap after GC invocations=10 (full 1):
 PSYoungGen      total 68608K, used 1584K [0x00000000d5980000, 0x00000000dbf80000, 0x0000000100000000)
  eden space 60928K, 0% used [0x00000000d5980000,0x00000000d5980000,0x00000000d9500000)
  from space 7680K, 20% used [0x00000000d9500000,0x00000000d968c010,0x00000000d9c80000)
  to   space 7680K, 0% used [0x00000000db800000,0x00000000db800000,0x00000000dbf80000)
 ParOldGen       total 50176K, used 4695K [0x0000000080c00000, 0x0000000083d00000, 0x00000000d5980000)
  object space 50176K, 9% used [0x0000000080c00000,0x0000000081095df8,0x0000000083d00000)
 Metaspace       used 24720K, capacity 24884K, committed 24960K, reserved 1071104K
  class space    used 3386K, capacity 3450K, committed 3456K, reserved 1048576K
}
Event: 7.927 GC heap before
{Heap before GC invocations=11 (full 1):
 PSYoungGen      total 68608K, used 62512K [0x00000000d5980000, 0x00000000dbf80000, 0x0000000100000000)
  eden space 60928K, 100% used [0x00000000d5980000,0x00000000d9500000,0x00000000d9500000)
  from space 7680K, 20% used [0x00000000d9500000,0x00000000d968c010,0x00000000d9c80000)
  to   space 7680K, 0% used [0x00000000db800000,0x00000000db800000,0x00000000dbf80000)
 ParOldGen       total 50176K, used 4695K [0x0000000080c00000, 0x0000000083d00000, 0x00000000d5980000)
  object space 50176K, 9% used [0x0000000080c00000,0x0000000081095df8,0x0000000083d00000)
 Metaspace       used 25141K, capacity 25300K, committed 25600K, reserved 1071104K
  class space    used 3413K, capacity 3482K, committed 3584K, reserved 1048576K
Event: 7.928 GC heap after
Heap after GC invocations=11 (full 1):
 PSYoungGen      total 93696K, used 993K [0x00000000d5980000, 0x00000000dbe80000, 0x0000000100000000)
  eden space 87040K, 0% used [0x00000000d5980000,0x00000000d5980000,0x00000000dae80000)
  from space 6656K, 14% used [0x00000000db800000,0x00000000db8f8728,0x00000000dbe80000)
  to   space 8192K, 0% used [0x00000000dae80000,0x00000000dae80000,0x00000000db680000)
 ParOldGen       total 50176K, used 5019K [0x0000000080c00000, 0x0000000083d00000, 0x00000000d5980000)
  object space 50176K, 10% used [0x0000000080c00000,0x00000000810e6d58,0x0000000083d00000)
 Metaspace       used 25141K, capacity 25300K, committed 25600K, reserved 1071104K
  class space    used 3413K, capacity 3482K, committed 3584K, reserved 1048576K
}
Event: 8.778 GC heap before
{Heap before GC invocations=12 (full 1):
 PSYoungGen      total 93696K, used 88033K [0x00000000d5980000, 0x00000000dbe80000, 0x0000000100000000)
  eden space 87040K, 100% used [0x00000000d5980000,0x00000000dae80000,0x00000000dae80000)
  from space 6656K, 14% used [0x00000000db800000,0x00000000db8f8728,0x00000000dbe80000)
  to   space 8192K, 0% used [0x00000000dae80000,0x00000000dae80000,0x00000000db680000)
 ParOldGen       total 50176K, used 5019K [0x0000000080c00000, 0x0000000083d00000, 0x00000000d5980000)
  object space 50176K, 10% used [0x0000000080c00000,0x00000000810e6d58,0x0000000083d00000)
 Metaspace       used 25599K, capacity 25780K, committed 26112K, reserved 1071104K
  class space    used 3431K, capacity 3514K, committed 3584K, reserved 1048576K
Event: 8.780 GC heap after
Heap after GC invocations=12 (full 1):
 PSYoungGen      total 95232K, used 224K [0x00000000d5980000, 0x00000000de080000, 0x0000000100000000)
  eden space 87040K, 0% used [0x00000000d5980000,0x00000000d5980000,0x00000000dae80000)
  from space 8192K, 2% used [0x00000000dae80000,0x00000000daeb8000,0x00000000db680000)
  to   space 8192K, 0% used [0x00000000dd880000,0x00000000dd880000,0x00000000de080000)
 ParOldGen       total 50176K, used 5748K [0x0000000080c00000, 0x0000000083d00000, 0x00000000d5980000)
  object space 50176K, 11% used [0x0000000080c00000,0x000000008119d278,0x0000000083d00000)
 Metaspace       used 25599K, capacity 25780K, committed 26112K, reserved 1071104K
  class space    used 3431K, capacity 3514K, committed 3584K, reserved 1048576K
}
Event: 9.841 GC heap before
{Heap before GC invocations=13 (full 1):
 PSYoungGen      total 95232K, used 87264K [0x00000000d5980000, 0x00000000de080000, 0x0000000100000000)
  eden space 87040K, 100% used [0x00000000d5980000,0x00000000dae80000,0x00000000dae80000)
  from space 8192K, 2% used [0x00000000dae80000,0x00000000daeb8000,0x00000000db680000)
  to   space 8192K, 0% used [0x00000000dd880000,0x00000000dd880000,0x00000000de080000)
 ParOldGen       total 50176K, used 5748K [0x0000000080c00000, 0x0000000083d00000, 0x00000000d5980000)
  object space 50176K, 11% used [0x0000000080c00000,0x000000008119d278,0x0000000083d00000)
 Metaspace       used 27012K, capacity 27156K, committed 27264K, reserved 1073152K
  class space    used 3605K, capacity 3674K, committed 3712K, reserved 1048576K
Event: 9.843 GC heap after
Heap after GC invocations=13 (full 1):
 PSYoungGen      total 86016K, used 1222K [0x00000000d5980000, 0x00000000dda00000, 0x0000000100000000)
  eden space 84480K, 0% used [0x00000000d5980000,0x00000000d5980000,0x00000000dac00000)
  from space 1536K, 79% used [0x00000000dd880000,0x00000000dd9b1ac8,0x00000000dda00000)
  to   space 8192K, 0% used [0x00000000dca00000,0x00000000dca00000,0x00000000dd200000)
 ParOldGen       total 50176K, used 5796K [0x0000000080c00000, 0x0000000083d00000, 0x00000000d5980000)
  object space 50176K, 11% used [0x0000000080c00000,0x00000000811a9278,0x0000000083d00000)
 Metaspace       used 27012K, capacity 27156K, committed 27264K, reserved 1073152K
  class space    used 3605K, capacity 3674K, committed 3712K, reserved 1048576K
}

