# JRE version: Java(TM) SE Runtime Environment (8.0_181-b13) (build 1.8.0_181-b13)
# Java VM: Java HotSpot(TM) 64-Bit Server VM (25.181-b13 mixed mode windows-amd64 compressed oops)
Heap:
 PSYoungGen      total 35328K, used 3624K [0x00000000d5980000, 0x00000000d8400000, 0x0000000100000000)
  eden space 28160K, 12% used [0x00000000d5980000,0x00000000d5d0a100,0x00000000d7500000)
  from space 7168K, 0% used [0x00000000d7d00000,0x00000000d7d00000,0x00000000d8400000)
  to   space 7680K, 0% used [0x00000000d7500000,0x00000000d7500000,0x00000000d7c80000)
 ParOldGen       total 38400K, used 3879K [0x0000000080c00000, 0x0000000083180000, 0x00000000d5980000)
  object space 38400K, 10% used [0x0000000080c00000,0x0000000080fc9fd8,0x0000000083180000)
 Metaspace       used 21186K, capacity 21278K, committed 21504K, reserved 1067008K
  class space    used 2969K, capacity 3001K, committed 3072K, reserved 1048576K
GC Heap History (10 events):
Event: 4.792 GC heap before
{Heap before GC invocations=9 (full 0):
 PSYoungGen      total 37888K, used 33569K [0x00000000d5980000, 0x00000000d8600000, 0x0000000100000000)
  eden space 31232K, 100% used [0x00000000d5980000,0x00000000d7800000,0x00000000d7800000)
  from space 6656K, 35% used [0x00000000d7f80000,0x00000000d81c86b8,0x00000000d8600000)
  to   space 7168K, 0% used [0x00000000d7800000,0x00000000d7800000,0x00000000d7f00000)
 ParOldGen       total 87552K, used 4282K [0x0000000080c00000, 0x0000000086180000, 0x00000000d5980000)
  object space 87552K, 4% used [0x0000000080c00000,0x000000008102e900,0x0000000086180000)
 Metaspace       used 19641K, capacity 19838K, committed 20096K, reserved 1067008K
  class space    used 2789K, capacity 2841K, committed 2944K, reserved 1048576K
Event: 4.793 GC heap after
Heap after GC invocations=9 (full 0):
 PSYoungGen      total 37888K, used 832K [0x00000000d5980000, 0x00000000d8680000, 0x0000000100000000)
  eden space 30720K, 0% used [0x00000000d5980000,0x00000000d5980000,0x00000000d7780000)
  from space 7168K, 11% used [0x00000000d7800000,0x00000000d78d0000,0x00000000d7f00000)
  to   space 7680K, 0% used [0x00000000d7f00000,0x00000000d7f00000,0x00000000d8680000)
 ParOldGen       total 87552K, used 4698K [0x0000000080c00000, 0x0000000086180000, 0x00000000d5980000)
  object space 87552K, 5% used [0x0000000080c00000,0x0000000081096910,0x0000000086180000)
 Metaspace       used 19641K, capacity 19838K, committed 20096K, reserved 1067008K
  class space    used 2789K, capacity 2841K, committed 2944K, reserved 1048576K
}
Event: 5.088 GC heap before
{Heap before GC invocations=10 (full 0):
 PSYoungGen      total 37888K, used 31552K [0x00000000d5980000, 0x00000000d8680000, 0x0000000100000000)
  eden space 30720K, 100% used [0x00000000d5980000,0x00000000d7780000,0x00000000d7780000)
  from space 7168K, 11% used [0x00000000d7800000,0x00000000d78d0000,0x00000000d7f00000)
  to   space 7680K, 0% used [0x00000000d7f00000,0x00000000d7f00000,0x00000000d8680000)
 ParOldGen       total 87552K, used 4698K [0x0000000080c00000, 0x0000000086180000, 0x00000000d5980000)
  object space 87552K, 5% used [0x0000000080c00000,0x0000000081096910,0x0000000086180000)
 Metaspace       used 20842K, capacity 20958K, committed 21248K, reserved 1067008K
  class space    used 2966K, capacity 3001K, committed 3072K, reserved 1048576K
Event: 5.090 GC heap after
Heap after GC invocations=10 (full 0):
 PSYoungGen      total 37376K, used 1056K [0x00000000d5980000, 0x00000000d8600000, 0x0000000100000000)
  eden space 30208K, 0% used [0x00000000d5980000,0x00000000d5980000,0x00000000d7700000)
  from space 7168K, 14% used [0x00000000d7f00000,0x00000000d8008000,0x00000000d8600000)
  to   space 7680K, 0% used [0x00000000d7700000,0x00000000d7700000,0x00000000d7e80000)
 ParOldGen       total 87552K, used 5282K [0x0000000080c00000, 0x0000000086180000, 0x00000000d5980000)
  object space 87552K, 6% used [0x0000000080c00000,0x0000000081128860,0x0000000086180000)
 Metaspace       used 20842K, capacity 20958K, committed 21248K, reserved 1067008K
  class space    used 2966K, capacity 3001K, committed 3072K, reserved 1048576K
}
Event: 5.367 GC heap before
{Heap before GC invocations=11 (full 0):
 PSYoungGen      total 37376K, used 31264K [0x00000000d5980000, 0x00000000d8600000, 0x0000000100000000)
  eden space 30208K, 100% used [0x00000000d5980000,0x00000000d7700000,0x00000000d7700000)
  from space 7168K, 14% used [0x00000000d7f00000,0x00000000d8008000,0x00000000d8600000)
  to   space 7680K, 0% used [0x00000000d7700000,0x00000000d7700000,0x00000000d7e80000)
 ParOldGen       total 87552K, used 5282K [0x0000000080c00000, 0x0000000086180000, 0x00000000d5980000)
  object space 87552K, 6% used [0x0000000080c00000,0x0000000081128860,0x0000000086180000)
 Metaspace       used 20867K, capacity 21022K, committed 21248K, reserved 1067008K
  class space    used 2966K, capacity 3001K, committed 3072K, reserved 1048576K
Event: 5.368 GC heap after
Heap after GC invocations=11 (full 0):
 PSYoungGen      total 30208K, used 64K [0x00000000d5980000, 0x00000000d8580000, 0x0000000100000000)
  eden space 29696K, 0% used [0x00000000d5980000,0x00000000d5980000,0x00000000d7680000)
  from space 512K, 12% used [0x00000000d7700000,0x00000000d7710000,0x00000000d7780000)
  to   space 7680K, 0% used [0x00000000d7e00000,0x00000000d7e00000,0x00000000d8580000)
 ParOldGen       total 87552K, used 5521K [0x0000000080c00000, 0x0000000086180000, 0x00000000d5980000)
  object space 87552K, 6% used [0x0000000080c00000,0x0000000081164700,0x0000000086180000)
 Metaspace       used 20867K, capacity 21022K, committed 21248K, reserved 1067008K
  class space    used 2966K, capacity 3001K, committed 3072K, reserved 1048576K
}
Event: 5.585 GC heap before
{Heap before GC invocations=12 (full 0):
 PSYoungGen      total 30208K, used 29760K [0x00000000d5980000, 0x00000000d8580000, 0x0000000100000000)
  eden space 29696K, 100% used [0x00000000d5980000,0x00000000d7680000,0x00000000d7680000)
  from space 512K, 12% used [0x00000000d7700000,0x00000000d7710000,0x00000000d7780000)
  to   space 7680K, 0% used [0x00000000d7e00000,0x00000000d7e00000,0x00000000d8580000)
 ParOldGen       total 87552K, used 5521K [0x0000000080c00000, 0x0000000086180000, 0x00000000d5980000)
  object space 87552K, 6% used [0x0000000080c00000,0x0000000081164700,0x0000000086180000)
 Metaspace       used 20875K, capacity 21022K, committed 21248K, reserved 1067008K
  class space    used 2966K, capacity 3001K, committed 3072K, reserved 1048576K
Event: 5.586 GC heap after
Heap after GC invocations=12 (full 0):
 PSYoungGen      total 36352K, used 64K [0x00000000d5980000, 0x00000000d8500000, 0x0000000100000000)
  eden space 29184K, 0% used [0x00000000d5980000,0x00000000d5980000,0x00000000d7600000)
  from space 7168K, 0% used [0x00000000d7e00000,0x00000000d7e10000,0x00000000d8500000)
  to   space 7680K, 0% used [0x00000000d7600000,0x00000000d7600000,0x00000000d7d80000)
 ParOldGen       total 87552K, used 5537K [0x0000000080c00000, 0x0000000086180000, 0x00000000d5980000)
  object space 87552K, 6% used [0x0000000080c00000,0x0000000081168700,0x0000000086180000)
 Metaspace       used 20875K, capacity 21022K, committed 21248K, reserved 1067008K
  class space    used 2966K, capacity 3001K, committed 3072K, reserved 1048576K
}
Event: 5.805 GC heap before
{Heap before GC invocations=13 (full 0):
 PSYoungGen      total 36352K, used 29248K [0x00000000d5980000, 0x00000000d8500000, 0x0000000100000000)
  eden space 29184K, 100% used [0x00000000d5980000,0x00000000d7600000,0x00000000d7600000)
  from space 7168K, 0% used [0x00000000d7e00000,0x00000000d7e10000,0x00000000d8500000)
  to   space 7680K, 0% used [0x00000000d7600000,0x00000000d7600000,0x00000000d7d80000)
 ParOldGen       total 87552K, used 5537K [0x0000000080c00000, 0x0000000086180000, 0x00000000d5980000)
  object space 87552K, 6% used [0x0000000080c00000,0x0000000081168700,0x0000000086180000)
 Metaspace       used 20886K, capacity 21022K, committed 21248K, reserved 1067008K
  class space    used 2967K, capacity 3001K, committed 3072K, reserved 1048576K
Event: 5.806 GC heap after
Heap after GC invocations=13 (full 0):
 PSYoungGen      total 29184K, used 128K [0x00000000d5980000, 0x00000000d8480000, 0x0000000100000000)
  eden space 28672K, 0% used [0x00000000d5980000,0x00000000d5980000,0x00000000d7580000)
  from space 512K, 25% used [0x00000000d7600000,0x00000000d7620000,0x00000000d7680000)
  to   space 7680K, 0% used [0x00000000d7d00000,0x00000000d7d00000,0x00000000d8480000)
 ParOldGen       total 87552K, used 5545K [0x0000000080c00000, 0x0000000086180000, 0x00000000d5980000)
  object space 87552K, 6% used [0x0000000080c00000,0x000000008116a700,0x0000000086180000)
 Metaspace       used 20886K, capacity 21022K, committed 21248K, reserved 1067008K
  class space    used 2967K, capacity 3001K, committed 3072K, reserved 1048576K
}

