# JRE version: Java(TM) SE Runtime Environment (8.0_181-b13) (build 1.8.0_181-b13)
# Java VM: Java HotSpot(TM) 64-Bit Server VM (25.181-b13 mixed mode windows-amd64 compressed oops)
Heap:
 PSYoungGen      total 29184K, used 23182K [0x00000000d5980000, 0x00000000d8480000, 0x0000000100000000)
  eden space 28672K, 80% used [0x00000000d5980000,0x00000000d7003820,0x00000000d7580000)
  from space 512K, 25% used [0x00000000d7600000,0x00000000d7620000,0x00000000d7680000)
  to   space 7680K, 0% used [0x00000000d7d00000,0x00000000d7d00000,0x00000000d8480000)
 ParOldGen       total 38400K, used 3879K [0x0000000080c00000, 0x0000000083180000, 0x00000000d5980000)
  object space 38400K, 10% used [0x0000000080c00000,0x0000000080fc9e20,0x0000000083180000)
 Metaspace       used 21268K, capacity 21406K, committed 21760K, reserved 1069056K
  class space    used 2969K, capacity 3001K, committed 3072K, reserved 1048576K
GC Heap History (10 events):
Event: 5.406 GC heap before
{Heap before GC invocations=10 (full 0):
 PSYoungGen      total 37888K, used 31994K [0x00000000d5980000, 0x00000000d8680000, 0x0000000100000000)
  eden space 30720K, 100% used [0x00000000d5980000,0x00000000d7780000,0x00000000d7780000)
  from space 7168K, 17% used [0x00000000d7800000,0x00000000d793e890,0x00000000d7f00000)
  to   space 7680K, 0% used [0x00000000d7f00000,0x00000000d7f00000,0x00000000d8680000)
 ParOldGen       total 87552K, used 4492K [0x0000000080c00000, 0x0000000086180000, 0x00000000d5980000)
  object space 87552K, 5% used [0x0000000080c00000,0x0000000081063350,0x0000000086180000)
 Metaspace       used 20947K, capacity 21086K, committed 21248K, reserved 1067008K
  class space    used 2966K, capacity 3001K, committed 3072K, reserved 1048576K
Event: 5.408 GC heap after
Heap after GC invocations=10 (full 0):
 PSYoungGen      total 37376K, used 1088K [0x00000000d5980000, 0x00000000d8600000, 0x0000000100000000)
  eden space 30208K, 0% used [0x00000000d5980000,0x00000000d5980000,0x00000000d7700000)
  from space 7168K, 15% used [0x00000000d7f00000,0x00000000d8010000,0x00000000d8600000)
  to   space 7680K, 0% used [0x00000000d7700000,0x00000000d7700000,0x00000000d7e80000)
 ParOldGen       total 87552K, used 5220K [0x0000000080c00000, 0x0000000086180000, 0x00000000d5980000)
  object space 87552K, 5% used [0x0000000080c00000,0x0000000081119350,0x0000000086180000)
 Metaspace       used 20947K, capacity 21086K, committed 21248K, reserved 1067008K
  class space    used 2966K, capacity 3001K, committed 3072K, reserved 1048576K
}
Event: 5.623 GC heap before
{Heap before GC invocations=11 (full 0):
 PSYoungGen      total 37376K, used 30217K [0x00000000d5980000, 0x00000000d8600000, 0x0000000100000000)
  eden space 30208K, 96% used [0x00000000d5980000,0x00000000d75f2470,0x00000000d7700000)
  from space 7168K, 15% used [0x00000000d7f00000,0x00000000d8010000,0x00000000d8600000)
  to   space 7680K, 0% used [0x00000000d7700000,0x00000000d7700000,0x00000000d7e80000)
 ParOldGen       total 87552K, used 5220K [0x0000000080c00000, 0x0000000086180000, 0x00000000d5980000)
  object space 87552K, 5% used [0x0000000080c00000,0x0000000081119350,0x0000000086180000)
 Metaspace       used 20968K, capacity 21086K, committed 21248K, reserved 1067008K
  class space    used 2966K, capacity 3001K, committed 3072K, reserved 1048576K
Event: 5.624 GC heap after
Heap after GC invocations=11 (full 0):
 PSYoungGen      total 30208K, used 64K [0x00000000d5980000, 0x00000000d8580000, 0x0000000100000000)
  eden space 29696K, 0% used [0x00000000d5980000,0x00000000d5980000,0x00000000d7680000)
  from space 512K, 12% used [0x00000000d7700000,0x00000000d7710000,0x00000000d7780000)
  to   space 7680K, 0% used [0x00000000d7e00000,0x00000000d7e00000,0x00000000d8580000)
 ParOldGen       total 87552K, used 5508K [0x0000000080c00000, 0x0000000086180000, 0x00000000d5980000)
  object space 87552K, 6% used [0x0000000080c00000,0x0000000081161140,0x0000000086180000)
 Metaspace       used 20968K, capacity 21086K, committed 21248K, reserved 1067008K
  class space    used 2966K, capacity 3001K, committed 3072K, reserved 1048576K
}
Event: 5.624 GC heap before
{Heap before GC invocations=12 (full 1):
 PSYoungGen      total 30208K, used 64K [0x00000000d5980000, 0x00000000d8580000, 0x0000000100000000)
  eden space 29696K, 0% used [0x00000000d5980000,0x00000000d5980000,0x00000000d7680000)
  from space 512K, 12% used [0x00000000d7700000,0x00000000d7710000,0x00000000d7780000)
  to   space 7680K, 0% used [0x00000000d7e00000,0x00000000d7e00000,0x00000000d8580000)
 ParOldGen       total 87552K, used 5508K [0x0000000080c00000, 0x0000000086180000, 0x00000000d5980000)
  object space 87552K, 6% used [0x0000000080c00000,0x0000000081161140,0x0000000086180000)
 Metaspace       used 20968K, capacity 21086K, committed 21248K, reserved 1067008K
  class space    used 2966K, capacity 3001K, committed 3072K, reserved 1048576K
Event: 5.645 GC heap after
Heap after GC invocations=12 (full 1):
 PSYoungGen      total 30208K, used 0K [0x00000000d5980000, 0x00000000d8580000, 0x0000000100000000)
  eden space 29696K, 0% used [0x00000000d5980000,0x00000000d5980000,0x00000000d7680000)
  from space 512K, 0% used [0x00000000d7700000,0x00000000d7700000,0x00000000d7780000)
  to   space 7680K, 0% used [0x00000000d7e00000,0x00000000d7e00000,0x00000000d8580000)
 ParOldGen       total 38400K, used 3863K [0x0000000080c00000, 0x0000000083180000, 0x00000000d5980000)
  object space 38400K, 10% used [0x0000000080c00000,0x0000000080fc5e20,0x0000000083180000)
 Metaspace       used 20968K, capacity 21086K, committed 21248K, reserved 1067008K
  class space    used 2966K, capacity 3001K, committed 3072K, reserved 1048576K
}
Event: 5.822 GC heap before
{Heap before GC invocations=13 (full 1):
 PSYoungGen      total 30208K, used 29696K [0x00000000d5980000, 0x00000000d8580000, 0x0000000100000000)
  eden space 29696K, 100% used [0x00000000d5980000,0x00000000d7680000,0x00000000d7680000)
  from space 512K, 0% used [0x00000000d7700000,0x00000000d7700000,0x00000000d7780000)
  to   space 7680K, 0% used [0x00000000d7e00000,0x00000000d7e00000,0x00000000d8580000)
 ParOldGen       total 38400K, used 3863K [0x0000000080c00000, 0x0000000083180000, 0x00000000d5980000)
  object space 38400K, 10% used [0x0000000080c00000,0x0000000080fc5e20,0x0000000083180000)
 Metaspace       used 20977K, capacity 21150K, committed 21504K, reserved 1067008K
  class space    used 2966K, capacity 3001K, committed 3072K, reserved 1048576K
Event: 5.823 GC heap after
Heap after GC invocations=13 (full 1):
 PSYoungGen      total 36352K, used 96K [0x00000000d5980000, 0x00000000d8500000, 0x0000000100000000)
  eden space 29184K, 0% used [0x00000000d5980000,0x00000000d5980000,0x00000000d7600000)
  from space 7168K, 1% used [0x00000000d7e00000,0x00000000d7e18000,0x00000000d8500000)
  to   space 7680K, 0% used [0x00000000d7600000,0x00000000d7600000,0x00000000d7d80000)
 ParOldGen       total 38400K, used 3871K [0x0000000080c00000, 0x0000000083180000, 0x00000000d5980000)
  object space 38400K, 10% used [0x0000000080c00000,0x0000000080fc7e20,0x0000000083180000)
 Metaspace       used 20977K, capacity 21150K, committed 21504K, reserved 1067008K
  class space    used 2966K, capacity 3001K, committed 3072K, reserved 1048576K
}
Event: 6.017 GC heap before
{Heap before GC invocations=14 (full 1):
 PSYoungGen      total 36352K, used 29280K [0x00000000d5980000, 0x00000000d8500000, 0x0000000100000000)
  eden space 29184K, 100% used [0x00000000d5980000,0x00000000d7600000,0x00000000d7600000)
  from space 7168K, 1% used [0x00000000d7e00000,0x00000000d7e18000,0x00000000d8500000)
  to   space 7680K, 0% used [0x00000000d7600000,0x00000000d7600000,0x00000000d7d80000)
 ParOldGen       total 38400K, used 3871K [0x0000000080c00000, 0x0000000083180000, 0x00000000d5980000)
  object space 38400K, 10% used [0x0000000080c00000,0x0000000080fc7e20,0x0000000083180000)
 Metaspace       used 20982K, capacity 21150K, committed 21504K, reserved 1067008K
  class space    used 2967K, capacity 3001K, committed 3072K, reserved 1048576K
Event: 6.017 GC heap after
Heap after GC invocations=14 (full 1):
 PSYoungGen      total 29184K, used 128K [0x00000000d5980000, 0x00000000d8480000, 0x0000000100000000)
  eden space 28672K, 0% used [0x00000000d5980000,0x00000000d5980000,0x00000000d7580000)
  from space 512K, 25% used [0x00000000d7600000,0x00000000d7620000,0x00000000d7680000)
  to   space 7680K, 0% used [0x00000000d7d00000,0x00000000d7d00000,0x00000000d8480000)
 ParOldGen       total 38400K, used 3879K [0x0000000080c00000, 0x0000000083180000, 0x00000000d5980000)
  object space 38400K, 10% used [0x0000000080c00000,0x0000000080fc9e20,0x0000000083180000)
 Metaspace       used 20982K, capacity 21150K, committed 21504K, reserved 1067008K
  class space    used 2967K, capacity 3001K, committed 3072K, reserved 1048576K
}

