# JRE version: Java(TM) SE Runtime Environment (8.0_181-b13) (build 1.8.0_181-b13)
# Java VM: Java HotSpot(TM) 64-Bit Server VM (25.181-b13 mixed mode windows-amd64 compressed oops)
Heap:
 PSYoungGen      total 90112K, used 38353K [0x00000000d5980000, 0x00000000dbd00000, 0x0000000100000000)
  eden space 88576K, 41% used [0x00000000d5980000,0x00000000d7dc2b98,0x00000000db000000)
  from space 1536K, 79% used [0x00000000db300000,0x00000000db431c10,0x00000000db480000)
  to   space 6656K, 0% used [0x00000000db680000,0x00000000db680000,0x00000000dbd00000)
 ParOldGen       total 48128K, used 5135K [0x0000000080c00000, 0x0000000083b00000, 0x00000000d5980000)
  object space 48128K, 10% used [0x0000000080c00000,0x0000000081103d60,0x0000000083b00000)
 Metaspace       used 27647K, capacity 27848K, committed 28160K, reserved 1073152K
  class space    used 3677K, capacity 3738K, committed 3840K, reserved 1048576K
GC Heap History (10 events):
Event: 6.245 GC heap before
{Heap before GC invocations=14 (full 1):
 PSYoungGen      total 51712K, used 45209K [0x00000000d5980000, 0x00000000d9600000, 0x0000000100000000)
  eden space 44032K, 100% used [0x00000000d5980000,0x00000000d8480000,0x00000000d8480000)
  from space 7680K, 15% used [0x00000000d8c00000,0x00000000d8d26400,0x00000000d9380000)
  to   space 7680K, 0% used [0x00000000d8480000,0x00000000d8480000,0x00000000d8c00000)
 ParOldGen       total 48128K, used 4164K [0x0000000080c00000, 0x0000000083b00000, 0x00000000d5980000)
  object space 48128K, 8% used [0x0000000080c00000,0x00000000810112f8,0x0000000083b00000)
 Metaspace       used 23933K, capacity 24066K, committed 24448K, reserved 1071104K
  class space    used 3308K, capacity 3353K, committed 3456K, reserved 1048576K
Event: 6.248 GC heap after
Heap after GC invocations=14 (full 1):
 PSYoungGen      total 51712K, used 822K [0x00000000d5980000, 0x00000000da880000, 0x0000000100000000)
  eden space 44032K, 0% used [0x00000000d5980000,0x00000000d5980000,0x00000000d8480000)
  from space 7680K, 10% used [0x00000000d8480000,0x00000000d854d830,0x00000000d8c00000)
  to   space 7680K, 0% used [0x00000000da100000,0x00000000da100000,0x00000000da880000)
 ParOldGen       total 48128K, used 4336K [0x0000000080c00000, 0x0000000083b00000, 0x00000000d5980000)
  object space 48128K, 9% used [0x0000000080c00000,0x000000008103c308,0x0000000083b00000)
 Metaspace       used 23933K, capacity 24066K, committed 24448K, reserved 1071104K
  class space    used 3308K, capacity 3353K, committed 3456K, reserved 1048576K
}
Event: 6.669 GC heap before
{Heap before GC invocations=15 (full 1):
 PSYoungGen      total 51712K, used 44854K [0x00000000d5980000, 0x00000000da880000, 0x0000000100000000)
  eden space 44032K, 100% used [0x00000000d5980000,0x00000000d8480000,0x00000000d8480000)
  from space 7680K, 10% used [0x00000000d8480000,0x00000000d854d830,0x00000000d8c00000)
  to   space 7680K, 0% used [0x00000000da100000,0x00000000da100000,0x00000000da880000)
 ParOldGen       total 48128K, used 4336K [0x0000000080c00000, 0x0000000083b00000, 0x00000000d5980000)
  object space 48128K, 9% used [0x0000000080c00000,0x000000008103c308,0x0000000083b00000)
 Metaspace       used 25032K, capacity 25192K, committed 25472K, reserved 1071104K
  class space    used 3399K, capacity 3450K, committed 3456K, reserved 1048576K
Event: 6.671 GC heap after
Heap after GC invocations=15 (full 1):
 PSYoungGen      total 71168K, used 1099K [0x00000000d5980000, 0x00000000da700000, 0x0000000100000000)
  eden space 65024K, 0% used [0x00000000d5980000,0x00000000d5980000,0x00000000d9900000)
  from space 6144K, 17% used [0x00000000da100000,0x00000000da212ec0,0x00000000da700000)
  to   space 7168K, 0% used [0x00000000d9900000,0x00000000d9900000,0x00000000da000000)
 ParOldGen       total 48128K, used 4582K [0x0000000080c00000, 0x0000000083b00000, 0x00000000d5980000)
  object space 48128K, 9% used [0x0000000080c00000,0x0000000081079860,0x0000000083b00000)
 Metaspace       used 25032K, capacity 25192K, committed 25472K, reserved 1071104K
  class space    used 3399K, capacity 3450K, committed 3456K, reserved 1048576K
}
Event: 7.326 GC heap before
{Heap before GC invocations=16 (full 1):
 PSYoungGen      total 71168K, used 66123K [0x00000000d5980000, 0x00000000da700000, 0x0000000100000000)
  eden space 65024K, 100% used [0x00000000d5980000,0x00000000d9900000,0x00000000d9900000)
  from space 6144K, 17% used [0x00000000da100000,0x00000000da212ec0,0x00000000da700000)
  to   space 7168K, 0% used [0x00000000d9900000,0x00000000d9900000,0x00000000da000000)
 ParOldGen       total 48128K, used 4582K [0x0000000080c00000, 0x0000000083b00000, 0x00000000d5980000)
  object space 48128K, 9% used [0x0000000080c00000,0x0000000081079860,0x0000000083b00000)
 Metaspace       used 25370K, capacity 25512K, committed 25728K, reserved 1071104K
  class space    used 3402K, capacity 3450K, committed 3456K, reserved 1048576K
Event: 7.327 GC heap after
Heap after GC invocations=16 (full 1):
 PSYoungGen      total 72192K, used 160K [0x00000000d5980000, 0x00000000dc300000, 0x0000000100000000)
  eden space 65024K, 0% used [0x00000000d5980000,0x00000000d5980000,0x00000000d9900000)
  from space 7168K, 2% used [0x00000000d9900000,0x00000000d9928000,0x00000000da000000)
  to   space 7168K, 0% used [0x00000000dbc00000,0x00000000dbc00000,0x00000000dc300000)
 ParOldGen       total 48128K, used 5079K [0x0000000080c00000, 0x0000000083b00000, 0x00000000d5980000)
  object space 48128K, 10% used [0x0000000080c00000,0x00000000810f5d60,0x0000000083b00000)
 Metaspace       used 25370K, capacity 25512K, committed 25728K, reserved 1071104K
  class space    used 3402K, capacity 3450K, committed 3456K, reserved 1048576K
}
Event: 7.863 GC heap before
{Heap before GC invocations=17 (full 1):
 PSYoungGen      total 72192K, used 65184K [0x00000000d5980000, 0x00000000dc300000, 0x0000000100000000)
  eden space 65024K, 100% used [0x00000000d5980000,0x00000000d9900000,0x00000000d9900000)
  from space 7168K, 2% used [0x00000000d9900000,0x00000000d9928000,0x00000000da000000)
  to   space 7168K, 0% used [0x00000000dbc00000,0x00000000dbc00000,0x00000000dc300000)
 ParOldGen       total 48128K, used 5079K [0x0000000080c00000, 0x0000000083b00000, 0x00000000d5980000)
  object space 48128K, 10% used [0x0000000080c00000,0x00000000810f5d60,0x0000000083b00000)
 Metaspace       used 25517K, capacity 25640K, committed 25728K, reserved 1071104K
  class space    used 3417K, capacity 3450K, committed 3456K, reserved 1048576K
Event: 7.864 GC heap after
Heap after GC invocations=17 (full 1):
 PSYoungGen      total 96768K, used 160K [0x00000000d5980000, 0x00000000dc100000, 0x0000000100000000)
  eden space 91648K, 0% used [0x00000000d5980000,0x00000000d5980000,0x00000000db300000)
  from space 5120K, 3% used [0x00000000dbc00000,0x00000000dbc28000,0x00000000dc100000)
  to   space 7168K, 0% used [0x00000000db300000,0x00000000db300000,0x00000000dba00000)
 ParOldGen       total 48128K, used 5103K [0x0000000080c00000, 0x0000000083b00000, 0x00000000d5980000)
  object space 48128K, 10% used [0x0000000080c00000,0x00000000810fbd60,0x0000000083b00000)
 Metaspace       used 25517K, capacity 25640K, committed 25728K, reserved 1071104K
  class space    used 3417K, capacity 3450K, committed 3456K, reserved 1048576K
}
Event: 9.250 GC heap before
{Heap before GC invocations=18 (full 1):
 PSYoungGen      total 96768K, used 91808K [0x00000000d5980000, 0x00000000dc100000, 0x0000000100000000)
  eden space 91648K, 100% used [0x00000000d5980000,0x00000000db300000,0x00000000db300000)
  from space 5120K, 3% used [0x00000000dbc00000,0x00000000dbc28000,0x00000000dc100000)
  to   space 7168K, 0% used [0x00000000db300000,0x00000000db300000,0x00000000dba00000)
 ParOldGen       total 48128K, used 5103K [0x0000000080c00000, 0x0000000083b00000, 0x00000000d5980000)
  object space 48128K, 10% used [0x0000000080c00000,0x00000000810fbd60,0x0000000083b00000)
 Metaspace       used 26998K, capacity 27112K, committed 27264K, reserved 1073152K
  class space    used 3606K, capacity 3642K, committed 3712K, reserved 1048576K
Event: 9.252 GC heap after
Heap after GC invocations=18 (full 1):
 PSYoungGen      total 90112K, used 1223K [0x00000000d5980000, 0x00000000dbd00000, 0x0000000100000000)
  eden space 88576K, 0% used [0x00000000d5980000,0x00000000d5980000,0x00000000db000000)
  from space 1536K, 79% used [0x00000000db300000,0x00000000db431c10,0x00000000db480000)
  to   space 6656K, 0% used [0x00000000db680000,0x00000000db680000,0x00000000dbd00000)
 ParOldGen       total 48128K, used 5135K [0x0000000080c00000, 0x0000000083b00000, 0x00000000d5980000)
  object space 48128K, 10% used [0x0000000080c00000,0x0000000081103d60,0x0000000083b00000)
 Metaspace       used 26998K, capacity 27112K, committed 27264K, reserved 1073152K
  class space    used 3606K, capacity 3642K, committed 3712K, reserved 1048576K
}

